2017-12-29 20:26:31 INFO  JavaRushTasksProjectComponent.projectOpened(68) - ---------- Project JavaRushTasks opened ----------

2017-12-29 20:26:31 INFO  ApacheHttpClient.login(209) - Ожидание ответа сервера.
2017-12-29 20:26:31 INFO  ApacheHttpClient.login(213) - responseCode200
2017-12-29 20:26:31 INFO  ApacheHttpClient.login(244) - JSESSIONID=8F4CCACFB5EB700FF06941C82EEDEDC0
2017-12-29 20:26:31 INFO  ApacheHttpClient.refreshUserInfo(272) - responseCode = 200
2017-12-29 20:26:31 INFO  ApacheHttpClient.refreshUserInfo(278) - Информация о пользователе получена.
2017-12-29 20:26:31 INFO  ApacheHttpClient.startGA(32) - GAService запущен.
2017-12-29 20:26:31 INFO  AbstractRestApiClient.startService(70) - EventsService запущен.
2017-12-29 20:27:57 INFO  ApacheHttpClient.getWebResourceAsStream(420) - responseCode = 200
2017-12-29 20:27:57 INFO  ApacheHttpClient.getFilteredTasks(307) - responseCode = 200
2017-12-29 20:28:49 INFO  ApacheHttpClient.getTaskTemplateInfo(324) - responseCode = 200
2017-12-29 20:28:50 INFO  ApacheHttpClient.testConnection(178) - responseCode = 200
2017-12-29 20:28:50 INFO  ApacheHttpClient.testConnection(185) - result = true
2017-12-29 20:28:50 INFO  ApacheHttpClient.testConnection(178) - responseCode = 200
2017-12-29 20:28:50 INFO  ApacheHttpClient.testConnection(185) - result = true
2017-12-29 20:28:51 INFO  ApacheHttpClient.getWebResourceAsStream(420) - responseCode = 200
2017-12-29 20:29:00 INFO  ApacheHttpClient.getWebResourceAsStream(420) - responseCode = 200
2017-12-29 20:29:01 INFO  ApacheHttpClient.getFilteredTasks(307) - responseCode = 200
2017-12-29 20:29:08 INFO  ApacheHttpClient.getFilteredTasks(307) - responseCode = 200
2017-12-29 20:29:13 INFO  ApacheHttpClient.getFilteredTasks(307) - responseCode = 200
2017-12-29 20:29:31 INFO  ApacheHttpClient.sendEvent(450) - responseCode = 200
2017-12-29 20:29:35 INFO  ApacheHttpClient.getTaskTemplateInfo(324) - responseCode = 200
2017-12-29 20:30:31 INFO  ApacheHttpClient.sendEvent(450) - responseCode = 200
2017-12-29 20:30:43 INFO  ApacheHttpClient.testConnection(178) - responseCode = 200
2017-12-29 20:30:43 INFO  ApacheHttpClient.testConnection(185) - result = true
2017-12-29 20:30:59 INFO  ApacheHttpClient.getWebResourceAsStream(420) - responseCode = 200
2017-12-29 20:31:00 INFO  ApacheHttpClient.getTask(405) - responseCode = 200
2017-12-29 20:31:01 INFO  ApacheHttpClient.getWebResourceAsStream(420) - responseCode = 200
2017-12-29 20:31:01 INFO  ApacheHttpClient.completed(27) - responseCode = 200
2017-12-29 20:31:01 INFO  ApacheHttpClient.getTask(405) - responseCode = 200
2017-12-29 20:31:12 INFO  ApacheHttpClient.getWebResourceAsStream(420) - responseCode = 200
2017-12-29 20:31:13 INFO  ApacheHttpClient.getFilteredTasks(307) - responseCode = 200
2017-12-29 20:31:21 INFO  ApacheHttpClient.getFilteredTasks(307) - responseCode = 200
2017-12-29 20:31:23 INFO  ApacheHttpClient.getFilteredTasks(307) - responseCode = 200
2017-12-29 20:31:27 INFO  ApacheHttpClient.getFilteredTasks(307) - responseCode = 200
2017-12-29 20:31:31 INFO  ApacheHttpClient.sendEvent(450) - responseCode = 200
2017-12-29 20:31:44 INFO  ApacheHttpClient.getFilteredTasks(307) - responseCode = 200
2017-12-29 20:32:31 INFO  ApacheHttpClient.sendEvent(450) - responseCode = 200
2017-12-29 20:33:31 INFO  ApacheHttpClient.sendEvent(450) - responseCode = 200
2017-12-29 20:33:51 INFO  ApacheHttpClient.getWebResourceAsStream(420) - responseCode = 200
2017-12-29 20:33:51 INFO  ApacheHttpClient.getFilteredTasks(307) - responseCode = 200
2017-12-29 20:34:31 INFO  ApacheHttpClient.sendEvent(450) - responseCode = 200
2017-12-29 20:34:45 INFO  ApacheHttpClient.testConnection(178) - responseCode = 200
2017-12-29 20:34:45 INFO  ApacheHttpClient.testConnection(185) - result = true
2017-12-29 20:34:45 INFO  ApacheHttpClient.testConnection(178) - responseCode = 200
2017-12-29 20:34:45 INFO  ApacheHttpClient.testConnection(185) - result = true
2017-12-29 20:34:45 INFO  ApacheHttpClient.getWebResourceAsStream(420) - responseCode = 200
2017-12-29 20:35:05 INFO  JavaRushTasksProjectComponent.projectClosing(157) - ---------- Project JavaRushTasks closed ----------

2017-12-29 20:35:05 INFO  ApacheHttpClient.getTask(405) - responseCode = 200
2018-01-13 12:11:26 INFO  JavaRushTasksProjectComponent.projectOpened(68) - ---------- Project JavaRushTasks opened ----------

2018-01-13 12:11:26 INFO  ApacheHttpClient.createAsyncHttpClient(125) - Выбрано 1 прокси.
2018-01-13 12:11:26 INFO  ApacheHttpClient.<init>(85) - ApacheHttpClient проинстанциирован успешно.
2018-01-13 12:11:27 INFO  ApacheHttpClient.testConnection(178) - responseCode = 200
2018-01-13 12:11:27 INFO  ApacheHttpClient.testConnection(185) - result = true
2018-01-13 12:11:27 INFO  ApacheHttpClient.login(209) - Ожидание ответа сервера.
2018-01-13 12:11:27 INFO  ApacheHttpClient.login(209) - Ожидание ответа сервера.
2018-01-13 12:11:28 INFO  ApacheHttpClient.login(213) - responseCode200
2018-01-13 12:11:28 INFO  ApacheHttpClient.login(244) - JSESSIONID=C1F476B0AE08F60EA673C0D2CE2C1622
2018-01-13 12:11:28 INFO  ApacheHttpClient.refreshUserInfo(272) - responseCode = 200
2018-01-13 12:11:28 INFO  ApacheHttpClient.refreshUserInfo(278) - Информация о пользователе получена.
2018-01-13 12:11:28 INFO  ApacheHttpClient.startGA(32) - GAService запущен.
2018-01-13 12:11:28 INFO  AbstractRestApiClient.startService(70) - EventsService запущен.
2018-01-13 12:12:25 INFO  ApacheHttpClient.getWebResourceAsStream(420) - responseCode = 200
2018-01-13 12:12:25 INFO  ApacheHttpClient.getFilteredTasks(307) - responseCode = 200
2018-01-13 12:12:55 INFO  ApacheHttpClient.testConnection(178) - responseCode = 200
2018-01-13 12:12:55 INFO  ApacheHttpClient.testConnection(185) - result = true
2018-01-13 12:12:55 INFO  ApacheHttpClient.testConnection(178) - responseCode = 200
2018-01-13 12:12:55 INFO  ApacheHttpClient.testConnection(185) - result = true
2018-01-13 12:12:58 INFO  ApacheHttpClient.getWebResourceAsStream(420) - responseCode = 200
2018-01-13 16:32:05 INFO  JavaRushTasksProjectComponent.projectClosing(157) - ---------- Project JavaRushTasks closed ----------

2018-01-13 16:32:07 INFO  ApacheHttpClient.getTask(405) - responseCode = 200
2018-01-14 11:45:38 INFO  JavaRushTasksProjectComponent.projectOpened(68) - ---------- Project JavaRushTasks opened ----------

2018-01-14 11:45:38 INFO  ApacheHttpClient.createAsyncHttpClient(125) - Выбрано 1 прокси.
2018-01-14 11:45:38 INFO  ApacheHttpClient.<init>(85) - ApacheHttpClient проинстанциирован успешно.
2018-01-14 11:45:43 INFO  ApacheHttpClient.testConnection(178) - responseCode = 200
2018-01-14 11:45:43 INFO  ApacheHttpClient.testConnection(185) - result = true
2018-01-14 11:45:44 INFO  ApacheHttpClient.login(209) - Ожидание ответа сервера.
2018-01-14 11:45:44 INFO  ApacheHttpClient.login(209) - Ожидание ответа сервера.
2018-01-14 11:45:44 INFO  ApacheHttpClient.login(209) - Ожидание ответа сервера.
2018-01-14 11:45:44 INFO  ApacheHttpClient.login(209) - Ожидание ответа сервера.
2018-01-14 11:45:44 INFO  ApacheHttpClient.login(209) - Ожидание ответа сервера.
2018-01-14 11:45:44 INFO  ApacheHttpClient.login(213) - responseCode200
2018-01-14 11:45:44 INFO  ApacheHttpClient.login(244) - JSESSIONID=971F6B42D1C582BA851A8EC988DFD988
2018-01-14 11:45:44 INFO  ApacheHttpClient.refreshUserInfo(272) - responseCode = 200
2018-01-14 11:45:44 INFO  ApacheHttpClient.refreshUserInfo(278) - Информация о пользователе получена.
2018-01-14 11:45:44 INFO  ApacheHttpClient.startGA(32) - GAService запущен.
2018-01-14 11:45:44 INFO  AbstractRestApiClient.startService(70) - EventsService запущен.
2018-01-14 11:46:24 INFO  ApacheHttpClient.getWebResourceAsStream(420) - responseCode = 200
2018-01-14 11:46:24 INFO  ApacheHttpClient.getFilteredTasks(307) - responseCode = 200
2018-01-14 11:49:04 INFO  ApacheHttpClient.getTaskTemplateInfo(324) - responseCode = 200
2018-01-14 11:49:05 INFO  ApacheHttpClient.testConnection(178) - responseCode = 200
2018-01-14 11:49:05 INFO  ApacheHttpClient.testConnection(185) - result = true
2018-01-14 11:49:05 INFO  ApacheHttpClient.testConnection(178) - responseCode = 200
2018-01-14 11:49:05 INFO  ApacheHttpClient.testConnection(185) - result = true
2018-01-14 11:49:06 INFO  ApacheHttpClient.getWebResourceAsStream(420) - responseCode = 200
2018-01-14 11:49:44 INFO  ApacheHttpClient.sendEvent(450) - responseCode = 200
2018-01-14 11:50:44 INFO  ApacheHttpClient.sendEvent(450) - responseCode = 200
2018-01-14 11:51:44 INFO  ApacheHttpClient.sendEvent(450) - responseCode = 200
2018-01-14 11:52:44 INFO  ApacheHttpClient.sendEvent(450) - responseCode = 200
2018-01-14 11:53:30 INFO  ApacheHttpClient.getWebResourceAsStream(420) - responseCode = 200
2018-01-14 11:53:30 INFO  ApacheHttpClient.getTask(405) - responseCode = 200
2018-01-14 11:53:31 INFO  ApacheHttpClient.getWebResourceAsStream(420) - responseCode = 200
2018-01-14 11:53:31 INFO  ApacheHttpClient.completed(27) - responseCode = 200
2018-01-14 11:53:32 INFO  ApacheHttpClient.getTask(405) - responseCode = 200
2018-01-14 11:53:44 INFO  ApacheHttpClient.sendEvent(450) - responseCode = 200
2018-01-14 11:53:46 INFO  ApacheHttpClient.getWebResourceAsStream(420) - responseCode = 200
2018-01-14 11:53:46 INFO  ApacheHttpClient.getFilteredTasks(307) - responseCode = 200
2018-01-14 11:53:55 INFO  ApacheHttpClient.getTaskTemplateInfo(324) - responseCode = 200
2018-01-14 11:53:55 INFO  ApacheHttpClient.testConnection(178) - responseCode = 200
2018-01-14 11:53:55 INFO  ApacheHttpClient.testConnection(185) - result = true
2018-01-14 11:53:56 INFO  ApacheHttpClient.testConnection(178) - responseCode = 200
2018-01-14 11:53:56 INFO  ApacheHttpClient.testConnection(185) - result = true
2018-01-14 11:53:56 INFO  ApacheHttpClient.getWebResourceAsStream(420) - responseCode = 200
2018-01-14 11:54:44 INFO  ApacheHttpClient.sendEvent(450) - responseCode = 200
2018-01-14 11:55:44 INFO  ApacheHttpClient.sendEvent(450) - responseCode = 200
2018-01-14 11:56:44 INFO  ApacheHttpClient.sendEvent(450) - responseCode = 200
2018-01-14 11:57:39 INFO  ApacheHttpClient.getWebResourceAsStream(420) - responseCode = 200
2018-01-14 11:57:40 INFO  ApacheHttpClient.getTask(405) - responseCode = 200
2018-01-14 11:57:40 INFO  ApacheHttpClient.getWebResourceAsStream(420) - responseCode = 200
2018-01-14 11:57:42 INFO  ApacheHttpClient.completed(27) - responseCode = 200
2018-01-14 11:57:42 INFO  ApacheHttpClient.getTask(405) - responseCode = 200
2018-01-14 11:57:44 INFO  ApacheHttpClient.sendEvent(450) - responseCode = 200
2018-01-14 11:57:51 INFO  ApacheHttpClient.getWebResourceAsStream(420) - responseCode = 200
2018-01-14 11:57:51 INFO  ApacheHttpClient.getFilteredTasks(307) - responseCode = 200
2018-01-14 11:57:53 INFO  ApacheHttpClient.getTaskTemplateInfo(324) - responseCode = 200
2018-01-14 11:57:54 INFO  ApacheHttpClient.testConnection(178) - responseCode = 200
2018-01-14 11:57:54 INFO  ApacheHttpClient.testConnection(185) - result = true
2018-01-14 11:57:54 INFO  ApacheHttpClient.testConnection(178) - responseCode = 200
2018-01-14 11:57:54 INFO  ApacheHttpClient.testConnection(185) - result = true
2018-01-14 11:57:54 INFO  ApacheHttpClient.getWebResourceAsStream(420) - responseCode = 200
2018-01-14 11:58:44 INFO  ApacheHttpClient.sendEvent(450) - responseCode = 200
2018-01-14 11:59:18 INFO  ApacheHttpClient.getWebResourceAsStream(420) - responseCode = 200
2018-01-14 11:59:19 INFO  ApacheHttpClient.getTask(405) - responseCode = 200
2018-01-14 11:59:19 INFO  ApacheHttpClient.getWebResourceAsStream(420) - responseCode = 200
2018-01-14 11:59:20 INFO  ApacheHttpClient.completed(27) - responseCode = 200
2018-01-14 11:59:20 INFO  ApacheHttpClient.getTask(405) - responseCode = 200
2018-01-14 11:59:31 INFO  ApacheHttpClient.getWebResourceAsStream(420) - responseCode = 200
2018-01-14 11:59:31 INFO  ApacheHttpClient.getFilteredTasks(307) - responseCode = 200
2018-01-14 11:59:44 INFO  ApacheHttpClient.sendEvent(450) - responseCode = 200
2018-01-14 12:00:07 INFO  ApacheHttpClient.getWebResourceAsStream(420) - responseCode = 200
2018-01-14 12:00:07 INFO  ApacheHttpClient.getFilteredTasks(307) - responseCode = 200
2018-01-14 12:00:31 INFO  ApacheHttpClient.getTaskTemplateInfo(324) - responseCode = 200
2018-01-14 12:00:32 INFO  ApacheHttpClient.testConnection(178) - responseCode = 200
2018-01-14 12:00:32 INFO  ApacheHttpClient.testConnection(185) - result = true
2018-01-14 12:00:32 INFO  ApacheHttpClient.testConnection(178) - responseCode = 200
2018-01-14 12:00:32 INFO  ApacheHttpClient.testConnection(185) - result = true
2018-01-14 12:00:32 INFO  ApacheHttpClient.getWebResourceAsStream(420) - responseCode = 200
2018-01-14 12:00:44 INFO  ApacheHttpClient.sendEvent(450) - responseCode = 200
2018-01-14 12:01:44 INFO  ApacheHttpClient.sendEvent(450) - responseCode = 200
2018-01-14 12:02:07 INFO  ApacheHttpClient.getWebResourceAsStream(420) - responseCode = 200
2018-01-14 12:02:07 INFO  ApacheHttpClient.getTask(405) - responseCode = 200
2018-01-14 12:02:07 INFO  ApacheHttpClient.getWebResourceAsStream(420) - responseCode = 200
2018-01-14 12:02:08 INFO  ApacheHttpClient.completed(27) - responseCode = 200
2018-01-14 12:02:08 INFO  ApacheHttpClient.getTask(405) - responseCode = 200
2018-01-14 12:02:14 INFO  ApacheHttpClient.getWebResourceAsStream(420) - responseCode = 200
2018-01-14 12:02:14 INFO  ApacheHttpClient.getFilteredTasks(307) - responseCode = 200
2018-01-14 12:02:17 INFO  ApacheHttpClient.getTaskTemplateInfo(324) - responseCode = 200
2018-01-14 12:02:17 INFO  ApacheHttpClient.testConnection(178) - responseCode = 200
2018-01-14 12:02:17 INFO  ApacheHttpClient.testConnection(185) - result = true
2018-01-14 12:02:17 INFO  ApacheHttpClient.testConnection(178) - responseCode = 200
2018-01-14 12:02:17 INFO  ApacheHttpClient.testConnection(185) - result = true
2018-01-14 12:02:17 INFO  ApacheHttpClient.getWebResourceAsStream(420) - responseCode = 200
2018-01-14 12:02:44 INFO  ApacheHttpClient.sendEvent(450) - responseCode = 200
2018-01-14 12:03:44 INFO  ApacheHttpClient.sendEvent(450) - responseCode = 200
2018-01-14 12:04:44 INFO  ApacheHttpClient.sendEvent(450) - responseCode = 200
2018-01-14 12:05:44 INFO  ApacheHttpClient.sendEvent(450) - responseCode = 200
2018-01-14 12:06:44 INFO  ApacheHttpClient.sendEvent(450) - responseCode = 200
2018-01-14 12:07:44 INFO  ApacheHttpClient.sendEvent(450) - responseCode = 200
2018-01-14 12:08:44 INFO  ApacheHttpClient.sendEvent(450) - responseCode = 200
2018-01-14 12:09:44 INFO  ApacheHttpClient.sendEvent(450) - responseCode = 200
2018-01-14 12:10:45 INFO  ApacheHttpClient.sendEvent(450) - responseCode = 200
2018-01-14 12:11:44 INFO  ApacheHttpClient.sendEvent(450) - responseCode = 200
2018-01-14 12:12:44 INFO  ApacheHttpClient.sendEvent(450) - responseCode = 200
2018-01-14 12:13:44 INFO  ApacheHttpClient.sendEvent(450) - responseCode = 200
2018-01-14 12:13:55 INFO  ApacheHttpClient.getWebResourceAsStream(420) - responseCode = 200
2018-01-14 12:13:55 INFO  ApacheHttpClient.getTask(405) - responseCode = 200
2018-01-14 12:13:55 INFO  ApacheHttpClient.getWebResourceAsStream(420) - responseCode = 200
2018-01-14 12:13:57 INFO  ApacheHttpClient.completed(27) - responseCode = 200
2018-01-14 12:14:39 INFO  ApacheHttpClient.getWebResourceAsStream(420) - responseCode = 200
2018-01-14 12:14:39 INFO  ApacheHttpClient.getFilteredTasks(307) - responseCode = 200
2018-01-14 12:14:44 INFO  ApacheHttpClient.sendEvent(450) - responseCode = 200
2018-01-14 12:14:54 INFO  ApacheHttpClient.getTaskTemplateInfo(324) - responseCode = 200
2018-01-14 12:14:54 INFO  ApacheHttpClient.testConnection(178) - responseCode = 200
2018-01-14 12:14:54 INFO  ApacheHttpClient.testConnection(185) - result = true
2018-01-14 12:14:54 INFO  ApacheHttpClient.testConnection(178) - responseCode = 200
2018-01-14 12:14:54 INFO  ApacheHttpClient.testConnection(185) - result = true
2018-01-14 12:14:54 INFO  ApacheHttpClient.getWebResourceAsStream(420) - responseCode = 200
2018-01-14 12:15:44 INFO  ApacheHttpClient.sendEvent(450) - responseCode = 200
2018-01-14 12:16:44 INFO  ApacheHttpClient.sendEvent(450) - responseCode = 200
2018-01-14 12:17:44 INFO  ApacheHttpClient.sendEvent(450) - responseCode = 200
2018-01-14 12:18:12 INFO  ApacheHttpClient.getWebResourceAsStream(420) - responseCode = 200
2018-01-14 12:18:12 INFO  ApacheHttpClient.getTask(405) - responseCode = 200
2018-01-14 12:18:12 INFO  ApacheHttpClient.getWebResourceAsStream(420) - responseCode = 200
2018-01-14 12:18:15 INFO  ApacheHttpClient.completed(27) - responseCode = 200
2018-01-14 12:18:44 INFO  ApacheHttpClient.sendEvent(450) - responseCode = 200
2018-01-14 12:19:44 INFO  ApacheHttpClient.sendEvent(450) - responseCode = 200
2018-01-14 12:20:44 INFO  ApacheHttpClient.sendEvent(450) - responseCode = 200
2018-01-14 12:21:44 INFO  ApacheHttpClient.sendEvent(450) - responseCode = 200
2018-01-14 12:22:44 INFO  ApacheHttpClient.sendEvent(450) - responseCode = 200
2018-01-14 12:23:44 INFO  ApacheHttpClient.sendEvent(450) - responseCode = 200
2018-01-14 12:24:44 INFO  ApacheHttpClient.sendEvent(450) - responseCode = 200
2018-01-14 12:25:44 INFO  ApacheHttpClient.sendEvent(450) - responseCode = 200
2018-01-14 12:26:44 INFO  ApacheHttpClient.sendEvent(450) - responseCode = 200
2018-01-14 12:27:44 INFO  ApacheHttpClient.sendEvent(450) - responseCode = 200
2018-01-14 12:28:44 INFO  ApacheHttpClient.sendEvent(450) - responseCode = 200
2018-01-14 12:29:44 INFO  ApacheHttpClient.sendEvent(450) - responseCode = 200
2018-01-14 12:31:03 ERROR ApacheHttpClient.processExceptionSendEvent(103) - (super) Ошибка во время отправки ивента на сервер.
2018-01-14 12:31:59 ERROR ApacheHttpClient.processExceptionSendEvent(103) - (super) Ошибка во время отправки ивента на сервер.
2018-01-14 12:32:45 INFO  ApacheHttpClient.sendEvent(450) - responseCode = 200
2018-01-14 12:33:44 INFO  ApacheHttpClient.sendEvent(450) - responseCode = 200
2018-01-14 12:34:44 INFO  ApacheHttpClient.sendEvent(450) - responseCode = 200
2018-01-14 12:35:44 INFO  ApacheHttpClient.sendEvent(450) - responseCode = 200
2018-01-14 12:36:44 INFO  ApacheHttpClient.sendEvent(450) - responseCode = 200
2018-01-14 12:37:44 INFO  ApacheHttpClient.sendEvent(450) - responseCode = 200
2018-01-14 12:38:44 INFO  ApacheHttpClient.sendEvent(450) - responseCode = 200
2018-01-14 12:39:42 INFO  ApacheHttpClient.getWebResourceAsStream(420) - responseCode = 200
2018-01-14 12:39:42 INFO  ApacheHttpClient.getTask(405) - responseCode = 200
2018-01-14 12:40:00 INFO  ApacheHttpClient.sendEvent(450) - responseCode = 200
2018-01-14 12:40:00 INFO  ApacheHttpClient.completed(27) - responseCode = 200
2018-01-14 12:40:01 INFO  ApacheHttpClient.getTask(405) - responseCode = 200
2018-01-14 12:40:01 INFO  ApacheHttpClient.getWebResourceAsStream(420) - responseCode = 200
2018-01-14 12:40:44 INFO  ApacheHttpClient.sendEvent(450) - responseCode = 200
2018-01-14 12:41:44 INFO  ApacheHttpClient.sendEvent(450) - responseCode = 200
2018-01-14 12:42:44 INFO  ApacheHttpClient.sendEvent(450) - responseCode = 200
2018-01-14 12:43:47 INFO  ApacheHttpClient.sendEvent(450) - responseCode = 200
2018-01-14 12:43:47 INFO  ApacheHttpClient.getWebResourceAsStream(420) - responseCode = 200
2018-01-14 12:43:47 INFO  ApacheHttpClient.getFilteredTasks(307) - responseCode = 200
2018-01-14 12:44:46 INFO  ApacheHttpClient.getTaskTemplateInfo(324) - responseCode = 200
2018-01-14 12:44:47 INFO  ApacheHttpClient.testConnection(178) - responseCode = 200
2018-01-14 12:44:47 INFO  ApacheHttpClient.testConnection(185) - result = true
2018-01-14 12:44:47 INFO  ApacheHttpClient.sendEvent(450) - responseCode = 200
2018-01-14 12:44:47 INFO  ApacheHttpClient.testConnection(178) - responseCode = 200
2018-01-14 12:44:47 INFO  ApacheHttpClient.testConnection(185) - result = true
2018-01-14 12:44:47 INFO  ApacheHttpClient.getWebResourceAsStream(420) - responseCode = 200
2018-01-14 12:45:44 INFO  ApacheHttpClient.sendEvent(450) - responseCode = 200
2018-01-14 12:46:44 INFO  ApacheHttpClient.sendEvent(450) - responseCode = 200
2018-01-14 12:47:45 INFO  ApacheHttpClient.sendEvent(450) - responseCode = 200
2018-01-14 12:48:44 INFO  ApacheHttpClient.sendEvent(450) - responseCode = 200
2018-01-14 12:48:48 INFO  ApacheHttpClient.getWebResourceAsStream(420) - responseCode = 200
2018-01-14 12:48:48 INFO  ApacheHttpClient.getTask(405) - responseCode = 200
2018-01-14 12:48:48 INFO  ApacheHttpClient.getWebResourceAsStream(420) - responseCode = 200
2018-01-14 12:48:49 INFO  ApacheHttpClient.completed(27) - responseCode = 200
2018-01-14 12:48:49 INFO  ApacheHttpClient.getTask(405) - responseCode = 200
2018-01-14 12:48:56 INFO  ApacheHttpClient.getWebResourceAsStream(420) - responseCode = 200
2018-01-14 12:48:56 INFO  ApacheHttpClient.getFilteredTasks(307) - responseCode = 200
2018-01-14 12:49:01 INFO  ApacheHttpClient.getTaskTemplateInfo(324) - responseCode = 200
2018-01-14 12:49:01 INFO  ApacheHttpClient.testConnection(178) - responseCode = 200
2018-01-14 12:49:01 INFO  ApacheHttpClient.testConnection(185) - result = true
2018-01-14 12:49:01 INFO  ApacheHttpClient.testConnection(178) - responseCode = 200
2018-01-14 12:49:01 INFO  ApacheHttpClient.testConnection(185) - result = true
2018-01-14 12:49:01 INFO  ApacheHttpClient.getWebResourceAsStream(420) - responseCode = 200
2018-01-14 12:49:44 INFO  ApacheHttpClient.sendEvent(450) - responseCode = 200
2018-01-14 12:50:44 INFO  ApacheHttpClient.sendEvent(450) - responseCode = 200
2018-01-14 12:51:17 INFO  ApacheHttpClient.getWebResourceAsStream(420) - responseCode = 200
2018-01-14 12:51:17 INFO  ApacheHttpClient.getTask(405) - responseCode = 200
2018-01-14 12:51:17 INFO  ApacheHttpClient.getTask(405) - responseCode = 200
2018-01-14 12:51:18 INFO  ApacheHttpClient.completed(27) - responseCode = 400
2018-01-14 12:51:18 WARN  TaskCompleted.run(66) - Задача "Произведение 10 чисел" уже решена
2018-01-14 12:51:18 INFO  ApacheHttpClient.getWebResourceAsStream(420) - responseCode = 200
2018-01-14 12:51:34 INFO  ApacheHttpClient.getWebResourceAsStream(420) - responseCode = 200
2018-01-14 12:51:38 INFO  ApacheHttpClient.getTask(405) - responseCode = 200
2018-01-14 12:51:39 INFO  ApacheHttpClient.getWebResourceAsStream(420) - responseCode = 200
2018-01-14 12:51:40 INFO  ApacheHttpClient.completed(27) - responseCode = 200
2018-01-14 12:51:41 INFO  ApacheHttpClient.completed(27) - responseCode = 400
2018-01-14 12:51:46 INFO  ApacheHttpClient.getTask(405) - responseCode = 200
2018-01-14 12:51:46 INFO  ApacheHttpClient.sendEvent(450) - responseCode = 200
2018-01-14 12:51:47 INFO  ApacheHttpClient.getTask(405) - responseCode = 200
2018-01-14 12:51:47 WARN  TaskCompleted.run(66) - Задача "Сумма 10 чисел" уже решена
2018-01-14 12:52:02 INFO  ApacheHttpClient.getWebResourceAsStream(420) - responseCode = 200
2018-01-14 12:52:03 INFO  ApacheHttpClient.getFilteredTasks(307) - responseCode = 200
2018-01-14 12:52:09 INFO  ApacheHttpClient.getTaskTemplateInfo(324) - responseCode = 200
2018-01-14 12:52:09 INFO  ApacheHttpClient.getWebResourceAsStream(420) - responseCode = 200
2018-01-14 12:52:16 INFO  ApacheHttpClient.getWebResourceAsStream(420) - responseCode = 200
2018-01-14 12:52:29 INFO  ApacheHttpClient.testConnection(178) - responseCode = 200
2018-01-14 12:52:29 INFO  ApacheHttpClient.testConnection(185) - result = true
2018-01-14 12:52:29 INFO  ApacheHttpClient.testConnection(178) - responseCode = 200
2018-01-14 12:52:29 INFO  ApacheHttpClient.testConnection(185) - result = true
2018-01-14 12:52:29 INFO  ApacheHttpClient.getWebResourceAsStream(420) - responseCode = 200
2018-01-14 12:52:44 INFO  ApacheHttpClient.sendEvent(450) - responseCode = 200
2018-01-14 12:52:45 INFO  ApacheHttpClient.getWebResourceAsStream(420) - responseCode = 200
2018-01-14 12:52:45 INFO  ApacheHttpClient.getTask(405) - responseCode = 200
2018-01-14 12:52:45 INFO  ApacheHttpClient.getWebResourceAsStream(420) - responseCode = 200
2018-01-14 12:52:46 INFO  ApacheHttpClient.completed(27) - responseCode = 200
2018-01-14 12:53:09 INFO  JavaRushTasksProjectComponent.projectClosing(157) - ---------- Project JavaRushTasks closed ----------

2018-01-14 12:53:09 INFO  ApacheHttpClient.getTask(405) - responseCode = 200
2018-01-14 12:53:09 INFO  ApacheHttpClient.getTask(405) - responseCode = 200
2018-01-14 12:53:09 INFO  ApacheHttpClient.getTask(405) - responseCode = 200
2018-01-14 12:53:10 INFO  ApacheHttpClient.getTask(405) - responseCode = 200
2018-01-14 12:53:10 INFO  ApacheHttpClient.getTask(405) - responseCode = 200
2018-01-14 12:53:10 INFO  ApacheHttpClient.getTask(405) - responseCode = 200
2018-01-14 12:53:10 INFO  ApacheHttpClient.getTask(405) - responseCode = 200
2018-01-14 12:53:10 INFO  ApacheHttpClient.getTask(405) - responseCode = 200
2018-01-14 13:45:01 INFO  JavaRushTasksProjectComponent.projectOpened(68) - ---------- Project JavaRushTasks opened ----------

2018-01-14 13:45:01 INFO  ApacheHttpClient.createAsyncHttpClient(125) - Выбрано 1 прокси.
2018-01-14 13:45:01 INFO  ApacheHttpClient.<init>(85) - ApacheHttpClient проинстанциирован успешно.
2018-01-14 13:45:02 INFO  ApacheHttpClient.testConnection(178) - responseCode = 200
2018-01-14 13:45:02 INFO  ApacheHttpClient.testConnection(185) - result = true
2018-01-14 13:45:02 INFO  ApacheHttpClient.login(209) - Ожидание ответа сервера.
2018-01-14 13:45:02 INFO  ApacheHttpClient.login(213) - responseCode200
2018-01-14 13:45:02 INFO  ApacheHttpClient.login(244) - JSESSIONID=A51EA9E134CE3A07D3EE1C2FA22D24BF
2018-01-14 13:45:02 INFO  ApacheHttpClient.refreshUserInfo(272) - responseCode = 200
2018-01-14 13:45:02 INFO  ApacheHttpClient.refreshUserInfo(278) - Информация о пользователе получена.
2018-01-14 13:45:02 INFO  ApacheHttpClient.startGA(32) - GAService запущен.
2018-01-14 13:45:02 INFO  AbstractRestApiClient.startService(70) - EventsService запущен.
2018-01-14 13:45:04 INFO  ApacheHttpClient.testConnection(178) - responseCode = 200
2018-01-14 13:45:04 INFO  ApacheHttpClient.testConnection(185) - result = true
2018-01-14 13:45:04 INFO  ApacheHttpClient.testConnection(178) - responseCode = 200
2018-01-14 13:45:04 INFO  ApacheHttpClient.testConnection(185) - result = true
2018-01-14 13:45:05 INFO  ApacheHttpClient.getWebResourceAsStream(420) - responseCode = 200
2018-01-14 13:45:09 INFO  ApacheHttpClient.testConnection(178) - responseCode = 200
2018-01-14 13:45:09 INFO  ApacheHttpClient.testConnection(185) - result = true
2018-01-14 13:45:10 INFO  ApacheHttpClient.testConnection(178) - responseCode = 200
2018-01-14 13:45:10 INFO  ApacheHttpClient.testConnection(185) - result = true
2018-01-14 13:45:11 INFO  ApacheHttpClient.testConnection(178) - responseCode = 200
2018-01-14 13:45:11 INFO  ApacheHttpClient.testConnection(185) - result = true
2018-01-14 13:46:02 INFO  ApacheHttpClient.sendEvent(450) - responseCode = 200
2018-01-14 13:46:28 INFO  ApacheHttpClient.getWebResourceAsStream(420) - responseCode = 200
2018-01-14 13:46:28 INFO  ApacheHttpClient.getFilteredTasks(307) - responseCode = 200
2018-01-14 13:46:35 INFO  ApacheHttpClient.getTaskTemplateInfo(324) - responseCode = 200
2018-01-14 13:46:35 INFO  ApacheHttpClient.testConnection(178) - responseCode = 200
2018-01-14 13:46:35 INFO  ApacheHttpClient.testConnection(185) - result = true
2018-01-14 13:46:36 INFO  ApacheHttpClient.testConnection(178) - responseCode = 200
2018-01-14 13:46:36 INFO  ApacheHttpClient.testConnection(185) - result = true
2018-01-14 13:46:36 INFO  ApacheHttpClient.getWebResourceAsStream(420) - responseCode = 200
2018-01-14 13:47:02 INFO  ApacheHttpClient.sendEvent(450) - responseCode = 200
2018-01-14 13:48:02 INFO  ApacheHttpClient.sendEvent(450) - responseCode = 200
2018-01-14 13:48:27 INFO  ApacheHttpClient.getWebResourceAsStream(420) - responseCode = 200
2018-01-14 13:48:28 INFO  ApacheHttpClient.getTask(405) - responseCode = 200
2018-01-14 13:48:28 INFO  ApacheHttpClient.getWebResourceAsStream(420) - responseCode = 200
2018-01-14 13:48:29 INFO  ApacheHttpClient.completed(27) - responseCode = 200
2018-01-14 13:48:29 INFO  ApacheHttpClient.getTask(405) - responseCode = 200
2018-01-14 13:48:40 INFO  ApacheHttpClient.getWebResourceAsStream(420) - responseCode = 200
2018-01-14 13:48:40 INFO  ApacheHttpClient.getFilteredTasks(307) - responseCode = 200
2018-01-14 13:48:45 INFO  ApacheHttpClient.getTaskTemplateInfo(324) - responseCode = 200
2018-01-14 13:48:45 INFO  ApacheHttpClient.testConnection(178) - responseCode = 200
2018-01-14 13:48:45 INFO  ApacheHttpClient.testConnection(185) - result = true
2018-01-14 13:48:45 INFO  ApacheHttpClient.testConnection(178) - responseCode = 200
2018-01-14 13:48:45 INFO  ApacheHttpClient.testConnection(185) - result = true
2018-01-14 13:48:45 INFO  ApacheHttpClient.getWebResourceAsStream(420) - responseCode = 200
2018-01-14 13:49:02 INFO  ApacheHttpClient.sendEvent(450) - responseCode = 200
2018-01-14 13:50:02 INFO  ApacheHttpClient.sendEvent(450) - responseCode = 200
2018-01-14 13:50:42 INFO  ApacheHttpClient.getWebResourceAsStream(420) - responseCode = 200
2018-01-14 13:50:42 INFO  ApacheHttpClient.getTask(405) - responseCode = 200
2018-01-14 13:50:42 INFO  ApacheHttpClient.getWebResourceAsStream(420) - responseCode = 200
2018-01-14 13:50:45 INFO  ApacheHttpClient.completed(27) - responseCode = 200
2018-01-14 13:50:45 INFO  ApacheHttpClient.getTask(405) - responseCode = 200
2018-01-14 13:50:52 INFO  ApacheHttpClient.getWebResourceAsStream(420) - responseCode = 200
2018-01-14 13:50:52 INFO  ApacheHttpClient.getFilteredTasks(307) - responseCode = 200
2018-01-14 13:50:56 INFO  ApacheHttpClient.getTaskTemplateInfo(324) - responseCode = 200
2018-01-14 13:50:56 INFO  ApacheHttpClient.testConnection(178) - responseCode = 200
2018-01-14 13:50:56 INFO  ApacheHttpClient.testConnection(185) - result = true
2018-01-14 13:50:56 INFO  ApacheHttpClient.testConnection(178) - responseCode = 200
2018-01-14 13:50:56 INFO  ApacheHttpClient.testConnection(185) - result = true
2018-01-14 13:50:56 INFO  ApacheHttpClient.getWebResourceAsStream(420) - responseCode = 200
2018-01-14 13:51:02 INFO  ApacheHttpClient.sendEvent(450) - responseCode = 200
2018-01-14 13:51:53 INFO  ApacheHttpClient.getWebResourceAsStream(420) - responseCode = 200
2018-01-14 13:51:53 INFO  ApacheHttpClient.getFilteredTasks(307) - responseCode = 200
2018-01-14 13:52:02 INFO  ApacheHttpClient.sendEvent(450) - responseCode = 200
2018-01-14 13:52:19 INFO  ApacheHttpClient.testConnection(178) - responseCode = 200
2018-01-14 13:52:19 INFO  ApacheHttpClient.testConnection(185) - result = true
2018-01-14 13:52:19 INFO  ApacheHttpClient.testConnection(178) - responseCode = 200
2018-01-14 13:52:19 INFO  ApacheHttpClient.testConnection(185) - result = true
2018-01-14 13:52:20 INFO  ApacheHttpClient.getWebResourceAsStream(420) - responseCode = 200
2018-01-14 13:52:36 INFO  ApacheHttpClient.getWebResourceAsStream(420) - responseCode = 200
2018-01-14 13:52:36 INFO  ApacheHttpClient.getFilteredTasks(307) - responseCode = 200
2018-01-14 13:52:39 INFO  ApacheHttpClient.getTaskTemplateInfo(324) - responseCode = 200
2018-01-14 13:52:39 INFO  ApacheHttpClient.testConnection(178) - responseCode = 200
2018-01-14 13:52:39 INFO  ApacheHttpClient.testConnection(185) - result = true
2018-01-14 13:52:39 INFO  ApacheHttpClient.testConnection(178) - responseCode = 200
2018-01-14 13:52:39 INFO  ApacheHttpClient.testConnection(185) - result = true
2018-01-14 13:52:39 INFO  ApacheHttpClient.getWebResourceAsStream(420) - responseCode = 200
2018-01-14 13:53:02 INFO  ApacheHttpClient.sendEvent(450) - responseCode = 200
2018-01-14 13:54:02 INFO  ApacheHttpClient.sendEvent(450) - responseCode = 200
2018-01-14 13:54:35 INFO  ApacheHttpClient.getWebResourceAsStream(420) - responseCode = 200
2018-01-14 13:54:36 INFO  ApacheHttpClient.getTask(405) - responseCode = 200
2018-01-14 13:54:36 INFO  ApacheHttpClient.getWebResourceAsStream(420) - responseCode = 200
2018-01-14 13:54:37 INFO  ApacheHttpClient.completed(27) - responseCode = 200
2018-01-14 13:54:37 INFO  ApacheHttpClient.getTask(405) - responseCode = 200
2018-01-14 13:54:47 INFO  ApacheHttpClient.getWebResourceAsStream(420) - responseCode = 200
2018-01-14 13:54:47 INFO  ApacheHttpClient.getFilteredTasks(307) - responseCode = 200
2018-01-14 13:55:20 INFO  ApacheHttpClient.getWebResourceAsStream(420) - responseCode = 200
2018-01-14 13:55:20 INFO  ApacheHttpClient.getFilteredTasks(307) - responseCode = 200
2018-01-14 13:55:30 INFO  ApacheHttpClient.getFilteredTasks(307) - responseCode = 200
2018-01-14 13:55:38 INFO  ApacheHttpClient.getTaskTemplateInfo(324) - responseCode = 200
2018-01-14 13:55:38 INFO  ApacheHttpClient.testConnection(178) - responseCode = 200
2018-01-14 13:55:38 INFO  ApacheHttpClient.testConnection(185) - result = true
2018-01-14 13:55:38 INFO  ApacheHttpClient.testConnection(178) - responseCode = 200
2018-01-14 13:55:38 INFO  ApacheHttpClient.testConnection(185) - result = true
2018-01-14 13:55:39 INFO  ApacheHttpClient.getWebResourceAsStream(420) - responseCode = 200
2018-01-14 13:56:02 INFO  ApacheHttpClient.sendEvent(450) - responseCode = 200
2018-01-14 13:57:02 INFO  ApacheHttpClient.sendEvent(450) - responseCode = 200
2018-01-14 13:58:02 INFO  ApacheHttpClient.sendEvent(450) - responseCode = 200
2018-01-14 13:58:14 INFO  ApacheHttpClient.getWebResourceAsStream(420) - responseCode = 200
2018-01-14 13:58:14 INFO  ApacheHttpClient.getTask(405) - responseCode = 200
2018-01-14 13:58:14 INFO  ApacheHttpClient.getWebResourceAsStream(420) - responseCode = 200
2018-01-14 13:58:15 INFO  ApacheHttpClient.completed(27) - responseCode = 200
2018-01-14 13:58:15 INFO  ApacheHttpClient.getTask(405) - responseCode = 200
2018-01-14 13:58:22 INFO  ApacheHttpClient.getWebResourceAsStream(420) - responseCode = 200
2018-01-14 13:58:22 INFO  ApacheHttpClient.getFilteredTasks(307) - responseCode = 200
2018-01-14 13:58:24 INFO  ApacheHttpClient.getTaskTemplateInfo(324) - responseCode = 200
2018-01-14 13:58:24 INFO  ApacheHttpClient.testConnection(178) - responseCode = 200
2018-01-14 13:58:24 INFO  ApacheHttpClient.testConnection(185) - result = true
2018-01-14 13:58:24 INFO  ApacheHttpClient.testConnection(178) - responseCode = 200
2018-01-14 13:58:24 INFO  ApacheHttpClient.testConnection(185) - result = true
2018-01-14 13:58:24 INFO  ApacheHttpClient.getWebResourceAsStream(420) - responseCode = 200
2018-01-14 13:59:02 INFO  ApacheHttpClient.sendEvent(450) - responseCode = 200
2018-01-14 14:00:02 INFO  ApacheHttpClient.sendEvent(450) - responseCode = 200
2018-01-14 14:01:02 INFO  ApacheHttpClient.sendEvent(450) - responseCode = 200
2018-01-14 14:01:45 INFO  ApacheHttpClient.getWebResourceAsStream(420) - responseCode = 200
2018-01-14 14:01:45 INFO  ApacheHttpClient.getTask(405) - responseCode = 200
2018-01-14 14:01:45 INFO  ApacheHttpClient.getWebResourceAsStream(420) - responseCode = 200
2018-01-14 14:01:47 INFO  ApacheHttpClient.completed(27) - responseCode = 200
2018-01-14 14:01:47 INFO  ApacheHttpClient.getTask(405) - responseCode = 200
2018-01-14 14:01:55 INFO  ApacheHttpClient.getWebResourceAsStream(420) - responseCode = 200
2018-01-14 14:01:55 INFO  ApacheHttpClient.getFilteredTasks(307) - responseCode = 200
2018-01-14 14:01:56 INFO  ApacheHttpClient.getTaskTemplateInfo(324) - responseCode = 200
2018-01-14 14:01:56 INFO  ApacheHttpClient.testConnection(178) - responseCode = 200
2018-01-14 14:01:56 INFO  ApacheHttpClient.testConnection(185) - result = true
2018-01-14 14:01:57 INFO  ApacheHttpClient.testConnection(178) - responseCode = 200
2018-01-14 14:01:57 INFO  ApacheHttpClient.testConnection(185) - result = true
2018-01-14 14:01:57 INFO  ApacheHttpClient.getWebResourceAsStream(420) - responseCode = 200
2018-01-14 14:02:02 INFO  ApacheHttpClient.sendEvent(450) - responseCode = 200
2018-01-14 14:03:02 INFO  ApacheHttpClient.sendEvent(450) - responseCode = 200
2018-01-14 14:04:02 INFO  ApacheHttpClient.sendEvent(450) - responseCode = 200
2018-01-14 14:04:50 INFO  ApacheHttpClient.getWebResourceAsStream(420) - responseCode = 200
2018-01-14 14:04:51 INFO  ApacheHttpClient.getTask(405) - responseCode = 200
2018-01-14 14:04:51 INFO  ApacheHttpClient.getWebResourceAsStream(420) - responseCode = 200
2018-01-14 14:04:53 INFO  ApacheHttpClient.completed(27) - responseCode = 200
2018-01-14 14:04:53 INFO  ApacheHttpClient.getTask(405) - responseCode = 200
2018-01-14 14:05:01 INFO  ApacheHttpClient.getWebResourceAsStream(420) - responseCode = 200
2018-01-14 14:05:01 INFO  ApacheHttpClient.getFilteredTasks(307) - responseCode = 200
2018-01-14 14:05:02 INFO  ApacheHttpClient.sendEvent(450) - responseCode = 200
2018-01-14 14:05:04 INFO  ApacheHttpClient.getTaskTemplateInfo(324) - responseCode = 200
2018-01-14 14:05:04 INFO  ApacheHttpClient.testConnection(178) - responseCode = 200
2018-01-14 14:05:04 INFO  ApacheHttpClient.testConnection(185) - result = true
2018-01-14 14:05:04 INFO  ApacheHttpClient.testConnection(178) - responseCode = 200
2018-01-14 14:05:04 INFO  ApacheHttpClient.testConnection(185) - result = true
2018-01-14 14:05:04 INFO  ApacheHttpClient.getWebResourceAsStream(420) - responseCode = 200
2018-01-14 14:06:02 INFO  ApacheHttpClient.sendEvent(450) - responseCode = 200
2018-01-14 14:07:02 INFO  ApacheHttpClient.sendEvent(450) - responseCode = 200
2018-01-14 14:08:02 INFO  ApacheHttpClient.sendEvent(450) - responseCode = 200
2018-01-14 14:09:02 INFO  ApacheHttpClient.sendEvent(450) - responseCode = 200
2018-01-14 14:10:02 INFO  ApacheHttpClient.sendEvent(450) - responseCode = 200
2018-01-14 14:11:00 INFO  ApacheHttpClient.getWebResourceAsStream(420) - responseCode = 200
2018-01-14 14:11:00 INFO  ApacheHttpClient.getTask(405) - responseCode = 200
2018-01-14 14:11:00 INFO  ApacheHttpClient.getWebResourceAsStream(420) - responseCode = 200
2018-01-14 14:11:01 INFO  ApacheHttpClient.completed(27) - responseCode = 200
2018-01-14 14:11:01 INFO  ApacheHttpClient.getTask(405) - responseCode = 200
2018-01-14 14:11:02 INFO  ApacheHttpClient.sendEvent(450) - responseCode = 200
2018-01-14 14:11:07 INFO  ApacheHttpClient.getWebResourceAsStream(420) - responseCode = 200
2018-01-14 14:11:07 INFO  ApacheHttpClient.getFilteredTasks(307) - responseCode = 200
2018-01-14 14:11:08 INFO  ApacheHttpClient.getTaskTemplateInfo(324) - responseCode = 200
2018-01-14 14:11:08 INFO  ApacheHttpClient.testConnection(178) - responseCode = 200
2018-01-14 14:11:08 INFO  ApacheHttpClient.testConnection(185) - result = true
2018-01-14 14:11:08 INFO  ApacheHttpClient.testConnection(178) - responseCode = 200
2018-01-14 14:11:08 INFO  ApacheHttpClient.testConnection(185) - result = true
2018-01-14 14:11:08 INFO  ApacheHttpClient.getWebResourceAsStream(420) - responseCode = 200
2018-01-14 14:12:02 INFO  ApacheHttpClient.sendEvent(450) - responseCode = 200
2018-01-14 14:12:27 INFO  ApacheHttpClient.getWebResourceAsStream(420) - responseCode = 200
2018-01-14 14:12:27 INFO  ApacheHttpClient.getTask(405) - responseCode = 200
2018-01-14 14:12:27 INFO  ApacheHttpClient.getWebResourceAsStream(420) - responseCode = 200
2018-01-14 14:12:28 INFO  ApacheHttpClient.completed(27) - responseCode = 200
2018-01-14 14:12:28 INFO  ApacheHttpClient.getTask(405) - responseCode = 200
2018-01-14 14:12:39 INFO  ApacheHttpClient.getWebResourceAsStream(420) - responseCode = 200
2018-01-14 14:12:39 INFO  ApacheHttpClient.getFilteredTasks(307) - responseCode = 200
2018-01-14 14:13:02 INFO  ApacheHttpClient.sendEvent(450) - responseCode = 200
2018-01-14 14:14:02 INFO  ApacheHttpClient.sendEvent(450) - responseCode = 200
2018-01-14 14:15:02 INFO  ApacheHttpClient.sendEvent(450) - responseCode = 200
2018-01-14 14:16:02 INFO  ApacheHttpClient.sendEvent(450) - responseCode = 200
2018-01-14 14:17:02 INFO  ApacheHttpClient.sendEvent(450) - responseCode = 200
2018-01-14 14:18:02 INFO  ApacheHttpClient.sendEvent(450) - responseCode = 200
2018-01-14 14:19:02 INFO  ApacheHttpClient.sendEvent(450) - responseCode = 200
2018-01-14 14:19:40 INFO  ApacheHttpClient.getWebResourceAsStream(420) - responseCode = 200
2018-01-14 14:19:40 INFO  ApacheHttpClient.getFilteredTasks(307) - responseCode = 200
2018-01-14 14:19:56 INFO  ApacheHttpClient.getTaskTemplateInfo(324) - responseCode = 200
2018-01-14 14:19:56 INFO  ApacheHttpClient.testConnection(178) - responseCode = 200
2018-01-14 14:19:56 INFO  ApacheHttpClient.testConnection(185) - result = true
2018-01-14 14:19:56 INFO  ApacheHttpClient.testConnection(178) - responseCode = 200
2018-01-14 14:19:56 INFO  ApacheHttpClient.testConnection(185) - result = true
2018-01-14 14:19:56 INFO  ApacheHttpClient.getWebResourceAsStream(420) - responseCode = 200
2018-01-14 14:20:02 INFO  ApacheHttpClient.sendEvent(450) - responseCode = 200
2018-01-14 14:21:02 INFO  ApacheHttpClient.sendEvent(450) - responseCode = 200
2018-01-14 14:22:02 INFO  ApacheHttpClient.sendEvent(450) - responseCode = 200
2018-01-14 14:23:02 INFO  ApacheHttpClient.sendEvent(450) - responseCode = 200
2018-01-14 14:24:02 INFO  ApacheHttpClient.sendEvent(450) - responseCode = 200
2018-01-14 14:25:02 INFO  ApacheHttpClient.sendEvent(450) - responseCode = 200
2018-01-14 14:26:02 INFO  ApacheHttpClient.sendEvent(450) - responseCode = 200
2018-01-14 14:27:02 INFO  ApacheHttpClient.sendEvent(450) - responseCode = 200
2018-01-14 14:28:02 INFO  ApacheHttpClient.sendEvent(450) - responseCode = 200
2018-01-14 14:29:02 INFO  ApacheHttpClient.sendEvent(450) - responseCode = 200
2018-01-14 14:29:34 INFO  ApacheHttpClient.getWebResourceAsStream(420) - responseCode = 200
2018-01-14 14:29:34 INFO  ApacheHttpClient.getTask(405) - responseCode = 200
2018-01-14 14:29:34 INFO  ApacheHttpClient.getWebResourceAsStream(420) - responseCode = 200
2018-01-14 14:29:35 INFO  ApacheHttpClient.completed(27) - responseCode = 200
2018-01-14 14:30:02 INFO  ApacheHttpClient.sendEvent(450) - responseCode = 200
2018-01-14 14:30:51 INFO  ApacheHttpClient.getWebResourceAsStream(420) - responseCode = 200
2018-01-14 14:30:52 INFO  ApacheHttpClient.getTask(405) - responseCode = 200
2018-01-14 14:30:52 INFO  ApacheHttpClient.getTask(405) - responseCode = 200
2018-01-14 14:30:52 INFO  ApacheHttpClient.getWebResourceAsStream(420) - responseCode = 200
2018-01-14 14:30:53 INFO  ApacheHttpClient.completed(27) - responseCode = 200
2018-01-14 14:31:02 INFO  ApacheHttpClient.sendEvent(450) - responseCode = 200
2018-01-14 14:31:30 INFO  ApacheHttpClient.getWebResourceAsStream(420) - responseCode = 200
2018-01-14 14:31:30 INFO  ApacheHttpClient.getTask(405) - responseCode = 200
2018-01-14 14:31:30 INFO  ApacheHttpClient.getTask(405) - responseCode = 200
2018-01-14 14:31:30 INFO  ApacheHttpClient.getWebResourceAsStream(420) - responseCode = 200
2018-01-14 14:31:31 INFO  ApacheHttpClient.completed(27) - responseCode = 200
2018-01-14 14:31:31 INFO  ApacheHttpClient.getTask(405) - responseCode = 200
2018-01-14 14:31:39 INFO  ApacheHttpClient.getWebResourceAsStream(420) - responseCode = 200
2018-01-14 14:31:39 INFO  ApacheHttpClient.getFilteredTasks(307) - responseCode = 200
2018-01-14 14:31:42 INFO  ApacheHttpClient.getTaskTemplateInfo(324) - responseCode = 200
2018-01-14 14:31:42 INFO  ApacheHttpClient.testConnection(178) - responseCode = 200
2018-01-14 14:31:42 INFO  ApacheHttpClient.testConnection(185) - result = true
2018-01-14 14:31:42 INFO  ApacheHttpClient.testConnection(178) - responseCode = 200
2018-01-14 14:31:42 INFO  ApacheHttpClient.testConnection(185) - result = true
2018-01-14 14:31:43 INFO  ApacheHttpClient.getWebResourceAsStream(420) - responseCode = 200
2018-01-14 14:32:02 INFO  ApacheHttpClient.sendEvent(450) - responseCode = 200
2018-01-14 14:33:02 INFO  ApacheHttpClient.sendEvent(450) - responseCode = 200
2018-01-14 14:33:33 INFO  ApacheHttpClient.getWebResourceAsStream(420) - responseCode = 200
2018-01-14 14:33:33 INFO  ApacheHttpClient.getTask(405) - responseCode = 200
2018-01-14 14:33:33 INFO  ApacheHttpClient.getTask(405) - responseCode = 200
2018-01-14 14:33:33 INFO  ApacheHttpClient.getWebResourceAsStream(420) - responseCode = 200
2018-01-14 14:33:33 INFO  ApacheHttpClient.completed(27) - responseCode = 400
2018-01-14 14:33:33 WARN  TaskCompleted.run(66) - Задача "План по захвату мира" уже решена
2018-01-14 14:33:50 INFO  ApacheHttpClient.getWebResourceAsStream(420) - responseCode = 200
2018-01-14 14:33:50 INFO  ApacheHttpClient.getTask(405) - responseCode = 200
2018-01-14 14:33:50 INFO  ApacheHttpClient.getWebResourceAsStream(420) - responseCode = 200
2018-01-14 14:33:51 INFO  ApacheHttpClient.completed(27) - responseCode = 200
2018-01-14 14:33:51 INFO  ApacheHttpClient.getTask(405) - responseCode = 200
2018-01-14 14:34:02 INFO  ApacheHttpClient.sendEvent(450) - responseCode = 200
2018-01-14 14:34:03 INFO  ApacheHttpClient.getWebResourceAsStream(420) - responseCode = 200
2018-01-14 14:34:03 INFO  ApacheHttpClient.getFilteredTasks(307) - responseCode = 200
2018-01-14 14:34:05 INFO  ApacheHttpClient.getTaskTemplateInfo(324) - responseCode = 200
2018-01-14 14:34:06 INFO  ApacheHttpClient.testConnection(178) - responseCode = 200
2018-01-14 14:34:06 INFO  ApacheHttpClient.testConnection(185) - result = true
2018-01-14 14:34:06 INFO  ApacheHttpClient.testConnection(178) - responseCode = 200
2018-01-14 14:34:06 INFO  ApacheHttpClient.testConnection(185) - result = true
2018-01-14 14:34:06 INFO  ApacheHttpClient.getWebResourceAsStream(420) - responseCode = 200
2018-01-14 14:35:02 INFO  ApacheHttpClient.sendEvent(450) - responseCode = 200
2018-01-14 14:35:03 INFO  ApacheHttpClient.getWebResourceAsStream(420) - responseCode = 200
2018-01-14 14:35:03 INFO  ApacheHttpClient.getTask(405) - responseCode = 200
2018-01-14 14:35:03 INFO  ApacheHttpClient.getTask(405) - responseCode = 200
2018-01-14 14:35:03 INFO  ApacheHttpClient.getWebResourceAsStream(420) - responseCode = 200
2018-01-14 14:35:04 INFO  ApacheHttpClient.completed(27) - responseCode = 400
2018-01-14 14:35:04 WARN  TaskCompleted.run(66) - Задача "Предсказание на будущее" уже решена
2018-01-14 14:35:09 INFO  ApacheHttpClient.getWebResourceAsStream(420) - responseCode = 200
2018-01-14 14:35:09 INFO  ApacheHttpClient.getTask(405) - responseCode = 200
2018-01-14 14:35:09 INFO  ApacheHttpClient.getTask(405) - responseCode = 200
2018-01-14 14:35:10 INFO  ApacheHttpClient.getWebResourceAsStream(420) - responseCode = 200
2018-01-14 14:35:10 INFO  ApacheHttpClient.completed(27) - responseCode = 400
2018-01-14 14:35:10 WARN  TaskCompleted.run(66) - Задача "Предсказание на будущее" уже решена
2018-01-14 14:35:28 INFO  ApacheHttpClient.getWebResourceAsStream(420) - responseCode = 200
2018-01-14 14:35:28 INFO  ApacheHttpClient.getTask(405) - responseCode = 200
2018-01-14 14:35:28 INFO  ApacheHttpClient.getTask(405) - responseCode = 200
2018-01-14 14:35:28 INFO  ApacheHttpClient.getWebResourceAsStream(420) - responseCode = 200
2018-01-14 14:35:29 INFO  ApacheHttpClient.completed(27) - responseCode = 400
2018-01-14 14:35:29 WARN  TaskCompleted.run(66) - Задача "Предсказание на будущее" уже решена
2018-01-14 14:35:35 INFO  ApacheHttpClient.getWebResourceAsStream(420) - responseCode = 200
2018-01-14 14:35:35 INFO  ApacheHttpClient.getTask(405) - responseCode = 200
2018-01-14 14:35:35 INFO  ApacheHttpClient.getTask(405) - responseCode = 200
2018-01-14 14:35:35 INFO  ApacheHttpClient.getWebResourceAsStream(420) - responseCode = 200
2018-01-14 14:35:36 INFO  ApacheHttpClient.completed(27) - responseCode = 400
2018-01-14 14:35:36 WARN  TaskCompleted.run(66) - Задача "Предсказание на будущее" уже решена
2018-01-14 14:35:42 INFO  ApacheHttpClient.testConnection(178) - responseCode = 200
2018-01-14 14:35:42 INFO  ApacheHttpClient.testConnection(185) - result = true
2018-01-14 14:35:43 INFO  ApacheHttpClient.testConnection(178) - responseCode = 200
2018-01-14 14:35:43 INFO  ApacheHttpClient.testConnection(185) - result = true
2018-01-14 14:35:43 INFO  ApacheHttpClient.getWebResourceAsStream(420) - responseCode = 200
2018-01-14 14:35:46 INFO  ApacheHttpClient.getWebResourceAsStream(420) - responseCode = 200
2018-01-14 14:35:46 INFO  ApacheHttpClient.getTask(405) - responseCode = 200
2018-01-14 14:35:46 INFO  ApacheHttpClient.getWebResourceAsStream(420) - responseCode = 200
2018-01-14 14:35:47 INFO  ApacheHttpClient.completed(27) - responseCode = 200
2018-01-14 14:35:47 INFO  ApacheHttpClient.getTask(405) - responseCode = 200
2018-01-14 14:35:51 INFO  ApacheHttpClient.getWebResourceAsStream(420) - responseCode = 200
2018-01-14 14:35:52 INFO  ApacheHttpClient.getFilteredTasks(307) - responseCode = 200
2018-01-14 14:35:53 INFO  ApacheHttpClient.getTaskTemplateInfo(324) - responseCode = 200
2018-01-14 14:35:54 INFO  ApacheHttpClient.testConnection(178) - responseCode = 200
2018-01-14 14:35:54 INFO  ApacheHttpClient.testConnection(185) - result = true
2018-01-14 14:35:54 INFO  ApacheHttpClient.testConnection(178) - responseCode = 200
2018-01-14 14:35:54 INFO  ApacheHttpClient.testConnection(185) - result = true
2018-01-14 14:35:54 INFO  ApacheHttpClient.getWebResourceAsStream(420) - responseCode = 200
2018-01-14 14:36:02 INFO  ApacheHttpClient.sendEvent(450) - responseCode = 200
2018-01-14 14:37:02 INFO  ApacheHttpClient.sendEvent(450) - responseCode = 200
2018-01-14 14:38:02 INFO  ApacheHttpClient.sendEvent(450) - responseCode = 200
2018-01-14 14:38:58 INFO  ApacheHttpClient.getWebResourceAsStream(420) - responseCode = 200
2018-01-14 14:38:59 INFO  ApacheHttpClient.getTask(405) - responseCode = 200
2018-01-14 14:38:59 INFO  ApacheHttpClient.getTask(405) - responseCode = 200
2018-01-14 14:38:59 INFO  ApacheHttpClient.getWebResourceAsStream(420) - responseCode = 200
2018-01-14 14:38:59 INFO  ApacheHttpClient.completed(27) - responseCode = 400
2018-01-14 14:38:59 WARN  TaskCompleted.run(66) - Задача "Скромность украшает программиста" уже решена
2018-01-14 14:39:02 INFO  ApacheHttpClient.sendEvent(450) - responseCode = 200
2018-01-14 14:39:04 INFO  ApacheHttpClient.testConnection(178) - responseCode = 200
2018-01-14 14:39:04 INFO  ApacheHttpClient.testConnection(185) - result = true
2018-01-14 14:39:05 INFO  ApacheHttpClient.testConnection(178) - responseCode = 200
2018-01-14 14:39:05 INFO  ApacheHttpClient.testConnection(185) - result = true
2018-01-14 14:39:05 INFO  ApacheHttpClient.getWebResourceAsStream(420) - responseCode = 200
2018-01-14 14:39:06 INFO  ApacheHttpClient.getWebResourceAsStream(420) - responseCode = 200
2018-01-14 14:39:06 INFO  ApacheHttpClient.getTask(405) - responseCode = 200
2018-01-14 14:39:07 INFO  ApacheHttpClient.getWebResourceAsStream(420) - responseCode = 200
2018-01-14 14:39:07 INFO  ApacheHttpClient.completed(27) - responseCode = 200
2018-01-14 14:39:08 INFO  ApacheHttpClient.getTask(405) - responseCode = 200
2018-01-14 14:39:12 INFO  ApacheHttpClient.getWebResourceAsStream(420) - responseCode = 200
2018-01-14 14:39:12 INFO  ApacheHttpClient.getFilteredTasks(307) - responseCode = 200
2018-01-14 14:39:13 INFO  ApacheHttpClient.getTaskTemplateInfo(324) - responseCode = 200
2018-01-14 14:39:13 INFO  ApacheHttpClient.testConnection(178) - responseCode = 200
2018-01-14 14:39:13 INFO  ApacheHttpClient.testConnection(185) - result = true
2018-01-14 14:39:13 INFO  ApacheHttpClient.testConnection(178) - responseCode = 200
2018-01-14 14:39:13 INFO  ApacheHttpClient.testConnection(185) - result = true
2018-01-14 14:39:14 INFO  ApacheHttpClient.getWebResourceAsStream(420) - responseCode = 200
2018-01-14 14:40:02 INFO  ApacheHttpClient.sendEvent(450) - responseCode = 200
2018-01-14 14:41:02 INFO  ApacheHttpClient.sendEvent(450) - responseCode = 200
2018-01-14 14:42:02 INFO  ApacheHttpClient.sendEvent(450) - responseCode = 200
2018-01-14 14:43:02 INFO  ApacheHttpClient.sendEvent(450) - responseCode = 200
2018-01-14 14:44:02 INFO  ApacheHttpClient.sendEvent(450) - responseCode = 200
2018-01-14 14:45:02 INFO  ApacheHttpClient.sendEvent(450) - responseCode = 200
2018-01-14 14:46:02 INFO  ApacheHttpClient.sendEvent(450) - responseCode = 200
2018-01-14 14:47:02 INFO  ApacheHttpClient.sendEvent(450) - responseCode = 200
2018-01-14 14:48:02 INFO  ApacheHttpClient.sendEvent(450) - responseCode = 200
2018-01-14 14:49:02 INFO  ApacheHttpClient.sendEvent(450) - responseCode = 200
2018-01-14 14:50:02 INFO  ApacheHttpClient.sendEvent(450) - responseCode = 200
2018-01-14 14:51:02 INFO  ApacheHttpClient.sendEvent(450) - responseCode = 200
2018-01-14 14:52:02 INFO  ApacheHttpClient.sendEvent(450) - responseCode = 200
2018-01-14 14:53:02 INFO  ApacheHttpClient.sendEvent(450) - responseCode = 200
2018-01-14 14:54:02 INFO  ApacheHttpClient.sendEvent(450) - responseCode = 200
2018-01-14 14:55:02 INFO  ApacheHttpClient.sendEvent(450) - responseCode = 200
2018-01-14 14:56:02 INFO  ApacheHttpClient.sendEvent(450) - responseCode = 200
2018-01-14 14:57:02 INFO  ApacheHttpClient.sendEvent(450) - responseCode = 200
2018-01-14 14:58:02 INFO  ApacheHttpClient.sendEvent(450) - responseCode = 200
2018-01-14 14:59:02 INFO  ApacheHttpClient.sendEvent(450) - responseCode = 200
2018-01-14 15:00:02 INFO  ApacheHttpClient.sendEvent(450) - responseCode = 200
2018-01-14 15:01:02 INFO  ApacheHttpClient.sendEvent(450) - responseCode = 200
2018-01-14 15:02:02 INFO  ApacheHttpClient.sendEvent(450) - responseCode = 200
2018-01-14 15:02:33 ERROR PluginManager.error(130) - null
java.lang.NullPointerException
	at javafx.embed.swing.JFXPanel.getInputMethodRequests(JFXPanel.java:810)
	at sun.awt.im.InputMethodAdapter.haveActiveClient(InputMethodAdapter.java:61)
	at sun.awt.windows.WInputMethod.deactivate(WInputMethod.java:340)
	at sun.awt.im.InputContext.deactivateInputMethod(InputContext.java:492)
	at sun.awt.im.InputContext.focusLost(InputContext.java:458)
	at sun.awt.im.InputContext.removeNotify(InputContext.java:627)
	at java.awt.Component.removeNotify(Component.java:7024)
	at java.awt.Container.removeNotify(Container.java:2821)
	at javax.swing.JComponent.removeNotify(JComponent.java:4758)
	at javafx.embed.swing.JFXPanel.removeNotify(JFXPanel.java:829)
	at java.awt.Container.removeNotify(Container.java:2805)
	at javax.swing.JComponent.removeNotify(JComponent.java:4758)
	at java.awt.Container.removeNotify(Container.java:2805)
	at javax.swing.JComponent.removeNotify(JComponent.java:4758)
	at java.awt.Container.removeNotify(Container.java:2805)
	at javax.swing.JComponent.removeNotify(JComponent.java:4758)
	at java.awt.Container.removeNotify(Container.java:2805)
	at javax.swing.JComponent.removeNotify(JComponent.java:4758)
	at java.awt.Container.removeNotify(Container.java:2805)
	at javax.swing.JComponent.removeNotify(JComponent.java:4758)
	at java.awt.Container.removeNotify(Container.java:2805)
	at javax.swing.JComponent.removeNotify(JComponent.java:4758)
	at java.awt.Container.removeNotify(Container.java:2805)
	at javax.swing.JComponent.removeNotify(JComponent.java:4758)
	at java.awt.Container.remove(Container.java:1207)
	at java.awt.Container.remove(Container.java:1265)
	at com.intellij.ui.tabs.impl.JBTabsImpl.removeDeferredNow(JBTabsImpl.java:1056)
	at com.intellij.ui.tabs.impl.JBTabsImpl.lambda$removeDeferred$9(JBTabsImpl.java:1029)
	at com.intellij.openapi.wm.impl.FocusManagerImpl.flushRequest(FocusManagerImpl.java:643)
	at com.intellij.openapi.wm.impl.FocusManagerImpl.flushNow(FocusManagerImpl.java:624)
	at com.intellij.openapi.wm.impl.FocusManagerImpl.flushIdleRequests(FocusManagerImpl.java:594)
	at com.intellij.openapi.wm.impl.FocusManagerImpl.lambda$doWhenFocusSettlesDown$13(FocusManagerImpl.java:476)
	at com.intellij.util.ui.UIUtil.invokeLaterIfNeeded(UIUtil.java:2760)
	at com.intellij.openapi.wm.impl.FocusManagerImpl.doWhenFocusSettlesDown(FocusManagerImpl.java:456)
	at com.intellij.openapi.wm.impl.IdeFocusManagerImpl.doWhenFocusSettlesDown(IdeFocusManagerImpl.java:66)
	at com.intellij.ui.tabs.impl.JBTabsImpl.removeDeferred(JBTabsImpl.java:1035)
	at com.intellij.ui.tabs.impl.JBTabsImpl.lambda$executeSelectionChange$6(JBTabsImpl.java:927)
	at com.intellij.openapi.util.ExecutionCallback.setExecuted(ExecutionCallback.java:58)
	at com.intellij.openapi.util.ActionCallback.setDone(ActionCallback.java:72)
	at com.intellij.openapi.wm.impl.FocusManagerImpl.lambda$null$5(FocusManagerImpl.java:292)
	at com.intellij.util.ui.UIUtil.invokeLaterIfNeeded(UIUtil.java:2760)
	at com.intellij.openapi.wm.impl.FocusManagerImpl.lambda$null$6(FocusManagerImpl.java:290)
	at com.intellij.openapi.util.ActionCallback$ExecutedExecutionCallback.doWhenExecuted(ActionCallback.java:177)
	at com.intellij.openapi.util.ActionCallback.doWhenDone(ActionCallback.java:111)
	at com.intellij.openapi.wm.impl.FocusManagerImpl.lambda$_requestFocus$9(FocusManagerImpl.java:290)
	at java.awt.event.InvocationEvent.dispatch(InvocationEvent.java:311)
	at java.awt.EventQueue.dispatchEventImpl(EventQueue.java:762)
	at java.awt.EventQueue.access$500(EventQueue.java:98)
	at java.awt.EventQueue$3.run(EventQueue.java:715)
	at java.awt.EventQueue$3.run(EventQueue.java:709)
	at java.security.AccessController.doPrivileged(Native Method)
	at java.security.ProtectionDomain$JavaSecurityAccessImpl.doIntersectionPrivilege(ProtectionDomain.java:80)
	at java.awt.EventQueue.dispatchEvent(EventQueue.java:732)
	at com.intellij.ide.IdeEventQueue.defaultDispatchEvent(IdeEventQueue.java:822)
	at com.intellij.ide.IdeEventQueue._dispatchEvent(IdeEventQueue.java:650)
	at com.intellij.ide.IdeEventQueue.dispatchEvent(IdeEventQueue.java:366)
	at java.awt.EventDispatchThread.pumpOneEventForFilters(EventDispatchThread.java:201)
	at java.awt.EventDispatchThread.pumpEventsForFilter(EventDispatchThread.java:116)
	at java.awt.EventDispatchThread.pumpEventsForHierarchy(EventDispatchThread.java:105)
	at java.awt.EventDispatchThread.pumpEvents(EventDispatchThread.java:101)
	at java.awt.EventDispatchThread.pumpEvents(EventDispatchThread.java:93)
	at java.awt.EventDispatchThread.run(EventDispatchThread.java:82)
2018-01-14 15:02:33 ERROR PluginManager.logErrorHeader(138) - IntelliJ IDEA 2017.3.2  Build #IC-173.4127.27
2018-01-14 15:02:33 ERROR PluginManager.logErrorHeader(145) - JDK: 1.8.0_152-release
2018-01-14 15:02:33 ERROR PluginManager.logErrorHeader(146) - VM: OpenJDK 64-Bit Server VM
2018-01-14 15:02:33 ERROR PluginManager.logErrorHeader(147) - Vendor: JetBrains s.r.o
2018-01-14 15:02:33 ERROR PluginManager.logErrorHeader(148) - OS: Windows 7
2018-01-14 15:02:33 ERROR PluginManager.logErrorHeader(154) - Last Action: EditorPaste
2018-01-14 15:03:02 INFO  ApacheHttpClient.sendEvent(450) - responseCode = 200
2018-01-14 15:03:03 ERROR TimedOutCallback.error(130) - Focus command timed out, cmd=FocusCommand objectCount=1 objects=[EditorComponent file=file://F:/Java/JavaRush/JavaRushTasks/1.JavaSyntax/src/com/javarush/task/task01/task0131/Solution.java]
java.lang.Exception
	at com.intellij.openapi.wm.FocusCommand.saveAllocation(FocusCommand.java:145)
	at com.intellij.openapi.wm.FocusCommand.<init>(FocusCommand.java:79)
	at com.intellij.openapi.wm.FocusCommand$ByComponent.<init>(FocusCommand.java:173)
	at com.intellij.openapi.wm.FocusCommand$ByComponent.<init>(FocusCommand.java:169)
	at com.intellij.ui.tabs.impl.JBTabsImpl.requestFocus(JBTabsImpl.java:996)
	at com.intellij.ui.tabs.impl.JBTabsImpl.executeSelectionChange(JBTabsImpl.java:922)
	at com.intellij.ui.tabs.impl.JBTabsImpl.access$1900(JBTabsImpl.java:63)
	at com.intellij.ui.tabs.impl.JBTabsImpl$9.run(JBTabsImpl.java:875)
	at com.intellij.openapi.fileEditor.impl.EditorTabbedContainer.lambda$null$2(EditorTabbedContainer.java:161)
	at com.intellij.openapi.command.impl.CoreCommandProcessor.executeCommand(CoreCommandProcessor.java:149)
	at com.intellij.openapi.command.impl.CoreCommandProcessor.executeCommand(CoreCommandProcessor.java:109)
	at com.intellij.openapi.command.impl.CoreCommandProcessor.executeCommand(CoreCommandProcessor.java:99)
	at com.intellij.openapi.command.impl.CoreCommandProcessor.executeCommand(CoreCommandProcessor.java:85)
	at com.intellij.openapi.fileEditor.impl.EditorTabbedContainer.lambda$new$3(EditorTabbedContainer.java:159)
	at com.intellij.ui.tabs.impl.JBTabsImpl._setSelected(JBTabsImpl.java:871)
	at com.intellij.ui.tabs.impl.JBTabsImpl.select(JBTabsImpl.java:862)
	at com.intellij.ui.tabs.impl.TabLabel$1.mousePressed(TabLabel.java:98)
	at java.awt.AWTEventMulticaster.mousePressed(AWTEventMulticaster.java:279)
	at java.awt.AWTEventMulticaster.mousePressed(AWTEventMulticaster.java:279)
	at java.awt.Component.processMouseEvent(Component.java:6538)
	at javax.swing.JComponent.processMouseEvent(JComponent.java:3324)
	at java.awt.Component.processEvent(Component.java:6306)
	at java.awt.Container.processEvent(Container.java:2237)
	at java.awt.Component.dispatchEventImpl(Component.java:4897)
	at java.awt.Container.dispatchEventImpl(Container.java:2295)
	at java.awt.Component.dispatchEvent(Component.java:4719)
	at java.awt.LightweightDispatcher.retargetMouseEvent(Container.java:4889)
	at java.awt.LightweightDispatcher.processMouseEvent(Container.java:4523)
	at java.awt.LightweightDispatcher.dispatchEvent(Container.java:4467)
	at java.awt.Container.dispatchEventImpl(Container.java:2281)
	at java.awt.Window.dispatchEventImpl(Window.java:2746)
	at java.awt.Component.dispatchEvent(Component.java:4719)
	at java.awt.EventQueue.dispatchEventImpl(EventQueue.java:764)
	at java.awt.EventQueue.access$500(EventQueue.java:98)
	at java.awt.EventQueue$3.run(EventQueue.java:715)
	at java.awt.EventQueue$3.run(EventQueue.java:709)
	at java.security.AccessController.doPrivileged(Native Method)
	at java.security.ProtectionDomain$JavaSecurityAccessImpl.doIntersectionPrivilege(ProtectionDomain.java:80)
	at java.security.ProtectionDomain$JavaSecurityAccessImpl.doIntersectionPrivilege(ProtectionDomain.java:90)
	at java.awt.EventQueue$4.run(EventQueue.java:737)
	at java.awt.EventQueue$4.run(EventQueue.java:735)
	at java.security.AccessController.doPrivileged(Native Method)
	at java.security.ProtectionDomain$JavaSecurityAccessImpl.doIntersectionPrivilege(ProtectionDomain.java:80)
	at java.awt.EventQueue.dispatchEvent(EventQueue.java:734)
	at com.intellij.ide.IdeEventQueue.defaultDispatchEvent(IdeEventQueue.java:822)
	at com.intellij.ide.IdeEventQueue._dispatchEvent(IdeEventQueue.java:646)
	at com.intellij.ide.IdeEventQueue.dispatchEvent(IdeEventQueue.java:366)
	at java.awt.EventDispatchThread.pumpOneEventForFilters(EventDispatchThread.java:201)
	at java.awt.EventDispatchThread.pumpEventsForFilter(EventDispatchThread.java:116)
	at java.awt.EventDispatchThread.pumpEventsForHierarchy(EventDispatchThread.java:105)
	at java.awt.EventDispatchThread.pumpEvents(EventDispatchThread.java:101)
	at java.awt.EventDispatchThread.pumpEvents(EventDispatchThread.java:93)
	at java.awt.EventDispatchThread.run(EventDispatchThread.java:82)
2018-01-14 15:03:03 ERROR TimedOutCallback.logErrorHeader(138) - IntelliJ IDEA 2017.3.2  Build #IC-173.4127.27
2018-01-14 15:03:03 ERROR TimedOutCallback.logErrorHeader(145) - JDK: 1.8.0_152-release
2018-01-14 15:03:03 ERROR TimedOutCallback.logErrorHeader(146) - VM: OpenJDK 64-Bit Server VM
2018-01-14 15:03:03 ERROR TimedOutCallback.logErrorHeader(147) - Vendor: JetBrains s.r.o
2018-01-14 15:03:03 ERROR TimedOutCallback.logErrorHeader(148) - OS: Windows 7
2018-01-14 15:03:03 ERROR TimedOutCallback.logErrorHeader(154) - Last Action: EditorBackSpace
2018-01-14 15:04:02 INFO  ApacheHttpClient.sendEvent(450) - responseCode = 200
2018-01-14 15:05:02 INFO  ApacheHttpClient.sendEvent(450) - responseCode = 200
2018-01-14 15:06:02 INFO  ApacheHttpClient.sendEvent(450) - responseCode = 200
2018-01-14 15:07:02 INFO  ApacheHttpClient.sendEvent(450) - responseCode = 200
2018-01-14 15:08:02 INFO  ApacheHttpClient.sendEvent(450) - responseCode = 200
2018-01-14 15:09:02 INFO  ApacheHttpClient.sendEvent(450) - responseCode = 200
2018-01-14 15:10:02 INFO  ApacheHttpClient.sendEvent(450) - responseCode = 200
2018-01-14 15:11:04 INFO  ApacheHttpClient.testConnection(178) - responseCode = 200
2018-01-14 15:11:04 INFO  ApacheHttpClient.testConnection(185) - result = true
2018-01-14 15:11:04 INFO  ApacheHttpClient.testConnection(178) - responseCode = 200
2018-01-14 15:11:04 INFO  ApacheHttpClient.testConnection(185) - result = true
2018-01-14 15:11:04 INFO  ApacheHttpClient.getWebResourceAsStream(420) - responseCode = 200
2018-01-14 15:11:30 INFO  ApacheHttpClient.getWebResourceAsStream(420) - responseCode = 200
2018-01-14 15:11:30 INFO  ApacheHttpClient.getFilteredTasks(307) - responseCode = 200
2018-01-14 15:11:33 INFO  ApacheHttpClient.getTaskTemplateInfo(324) - responseCode = 200
2018-01-14 15:12:02 INFO  ApacheHttpClient.sendEvent(450) - responseCode = 200
2018-01-14 15:12:12 INFO  ApacheHttpClient.testConnection(178) - responseCode = 200
2018-01-14 15:12:12 INFO  ApacheHttpClient.testConnection(185) - result = true
2018-01-14 15:12:12 INFO  ApacheHttpClient.testConnection(178) - responseCode = 200
2018-01-14 15:12:12 INFO  ApacheHttpClient.testConnection(185) - result = true
2018-01-14 15:12:12 INFO  ApacheHttpClient.getWebResourceAsStream(420) - responseCode = 200
2018-01-14 15:12:17 INFO  ApacheHttpClient.getWebResourceAsStream(420) - responseCode = 200
2018-01-14 15:12:17 INFO  ApacheHttpClient.getTask(405) - responseCode = 200
2018-01-14 15:12:18 INFO  ApacheHttpClient.getWebResourceAsStream(420) - responseCode = 200
2018-01-14 15:12:19 INFO  ApacheHttpClient.completed(27) - responseCode = 200
2018-01-14 15:12:19 INFO  ApacheHttpClient.getTask(405) - responseCode = 200
2018-01-14 15:12:48 INFO  ApacheHttpClient.getWebResourceAsStream(420) - responseCode = 200
2018-01-14 15:12:48 INFO  ApacheHttpClient.getTask(405) - responseCode = 200
2018-01-14 15:12:49 INFO  ApacheHttpClient.getWebResourceAsStream(420) - responseCode = 200
2018-01-14 15:12:49 INFO  ApacheHttpClient.completed(27) - responseCode = 400
2018-01-14 15:12:49 WARN  TaskCompleted.run(66) - Задача "Полнометражная картина" уже решена
2018-01-14 15:12:57 INFO  ApacheHttpClient.getWebResourceAsStream(420) - responseCode = 200
2018-01-14 15:12:57 INFO  ApacheHttpClient.getFilteredTasks(307) - responseCode = 200
2018-01-14 15:12:59 INFO  ApacheHttpClient.getTaskTemplateInfo(324) - responseCode = 200
2018-01-14 15:12:59 INFO  ApacheHttpClient.testConnection(178) - responseCode = 200
2018-01-14 15:12:59 INFO  ApacheHttpClient.testConnection(185) - result = true
2018-01-14 15:12:59 INFO  ApacheHttpClient.testConnection(178) - responseCode = 200
2018-01-14 15:12:59 INFO  ApacheHttpClient.testConnection(185) - result = true
2018-01-14 15:12:59 INFO  ApacheHttpClient.getWebResourceAsStream(420) - responseCode = 200
2018-01-14 15:13:02 INFO  ApacheHttpClient.sendEvent(450) - responseCode = 200
2018-01-14 15:14:02 INFO  ApacheHttpClient.sendEvent(450) - responseCode = 200
2018-01-14 15:15:02 INFO  ApacheHttpClient.sendEvent(450) - responseCode = 200
2018-01-14 15:16:02 INFO  ApacheHttpClient.sendEvent(450) - responseCode = 200
2018-01-14 15:17:02 INFO  ApacheHttpClient.sendEvent(450) - responseCode = 200
2018-01-14 15:17:37 INFO  ApacheHttpClient.getWebResourceAsStream(420) - responseCode = 200
2018-01-14 15:17:38 INFO  ApacheHttpClient.getTask(405) - responseCode = 200
2018-01-14 15:17:38 INFO  ApacheHttpClient.getWebResourceAsStream(420) - responseCode = 200
2018-01-14 15:17:39 INFO  ApacheHttpClient.completed(27) - responseCode = 200
2018-01-14 15:17:39 INFO  ApacheHttpClient.getTask(405) - responseCode = 200
2018-01-14 15:17:45 INFO  ApacheHttpClient.getWebResourceAsStream(420) - responseCode = 200
2018-01-14 15:17:45 INFO  ApacheHttpClient.getFilteredTasks(307) - responseCode = 200
2018-01-14 15:18:02 INFO  ApacheHttpClient.sendEvent(450) - responseCode = 200
2018-01-14 15:19:02 INFO  ApacheHttpClient.sendEvent(450) - responseCode = 200
2018-01-14 15:20:02 INFO  ApacheHttpClient.sendEvent(450) - responseCode = 200
2018-01-14 15:20:16 INFO  ApacheHttpClient.testConnection(178) - responseCode = 200
2018-01-14 15:20:16 INFO  ApacheHttpClient.testConnection(185) - result = true
2018-01-14 15:21:02 INFO  ApacheHttpClient.sendEvent(450) - responseCode = 200
2018-01-14 15:22:02 INFO  ApacheHttpClient.sendEvent(450) - responseCode = 200
2018-01-14 15:23:02 INFO  ApacheHttpClient.sendEvent(450) - responseCode = 200
2018-01-14 15:24:02 INFO  ApacheHttpClient.sendEvent(450) - responseCode = 200
2018-01-14 15:25:02 INFO  ApacheHttpClient.sendEvent(450) - responseCode = 200
2018-01-14 15:26:21 ERROR ApacheHttpClient.processExceptionSendEvent(103) - (super) Ошибка во время отправки ивента на сервер.
2018-01-14 15:27:23 ERROR ApacheHttpClient.processExceptionSendEvent(103) - (super) Ошибка во время отправки ивента на сервер.
2018-01-14 15:28:02 INFO  ApacheHttpClient.sendEvent(450) - responseCode = 200
2018-01-14 15:29:02 INFO  ApacheHttpClient.sendEvent(450) - responseCode = 200
2018-01-14 15:30:02 INFO  ApacheHttpClient.sendEvent(450) - responseCode = 200
2018-01-14 15:31:02 INFO  ApacheHttpClient.sendEvent(450) - responseCode = 200
2018-01-14 15:32:02 INFO  ApacheHttpClient.sendEvent(450) - responseCode = 200
2018-01-14 15:33:02 INFO  ApacheHttpClient.sendEvent(450) - responseCode = 200
2018-01-14 15:34:02 INFO  ApacheHttpClient.sendEvent(450) - responseCode = 200
2018-01-14 15:35:02 INFO  ApacheHttpClient.sendEvent(450) - responseCode = 200
2018-01-14 15:36:02 INFO  ApacheHttpClient.sendEvent(450) - responseCode = 200
2018-01-14 15:37:06 INFO  ApacheHttpClient.sendEvent(450) - responseCode = 200
2018-01-14 15:38:02 INFO  ApacheHttpClient.sendEvent(450) - responseCode = 200
2018-01-14 15:39:03 INFO  ApacheHttpClient.sendEvent(450) - responseCode = 200
2018-01-14 15:40:02 INFO  ApacheHttpClient.sendEvent(450) - responseCode = 200
2018-01-14 15:41:02 INFO  ApacheHttpClient.sendEvent(450) - responseCode = 200
2018-01-14 15:42:02 INFO  ApacheHttpClient.sendEvent(450) - responseCode = 200
2018-01-14 15:43:02 INFO  ApacheHttpClient.sendEvent(450) - responseCode = 200
2018-01-14 15:44:02 INFO  ApacheHttpClient.sendEvent(450) - responseCode = 200
2018-01-14 15:45:02 INFO  ApacheHttpClient.sendEvent(450) - responseCode = 200
2018-01-14 15:46:03 INFO  ApacheHttpClient.sendEvent(450) - responseCode = 200
2018-01-14 15:47:02 INFO  ApacheHttpClient.sendEvent(450) - responseCode = 200
2018-01-14 15:48:02 INFO  ApacheHttpClient.sendEvent(450) - responseCode = 200
2018-01-14 15:49:02 INFO  ApacheHttpClient.sendEvent(450) - responseCode = 200
2018-01-14 15:50:02 INFO  ApacheHttpClient.sendEvent(450) - responseCode = 200
2018-01-14 15:51:02 INFO  ApacheHttpClient.sendEvent(450) - responseCode = 200
2018-01-14 15:52:02 INFO  ApacheHttpClient.sendEvent(450) - responseCode = 200
2018-01-14 15:53:02 INFO  ApacheHttpClient.sendEvent(450) - responseCode = 200
2018-01-14 15:54:02 INFO  ApacheHttpClient.sendEvent(450) - responseCode = 200
2018-01-14 15:55:02 INFO  ApacheHttpClient.sendEvent(450) - responseCode = 200
2018-01-14 15:56:02 INFO  ApacheHttpClient.sendEvent(450) - responseCode = 200
2018-01-14 15:56:29 INFO  ApacheHttpClient.getWebResourceAsStream(420) - responseCode = 200
2018-01-14 15:56:29 INFO  ApacheHttpClient.getFilteredTasks(307) - responseCode = 200
2018-01-14 15:56:39 INFO  ApacheHttpClient.getWebResourceAsStream(420) - responseCode = 200
2018-01-14 15:56:39 INFO  ApacheHttpClient.getFilteredTasks(307) - responseCode = 200
2018-01-14 15:56:43 INFO  ApacheHttpClient.getTaskTemplateInfo(324) - responseCode = 200
2018-01-14 15:56:43 INFO  ApacheHttpClient.testConnection(178) - responseCode = 200
2018-01-14 15:56:43 INFO  ApacheHttpClient.testConnection(185) - result = true
2018-01-14 15:56:43 INFO  ApacheHttpClient.testConnection(178) - responseCode = 200
2018-01-14 15:56:43 INFO  ApacheHttpClient.testConnection(185) - result = true
2018-01-14 15:56:44 INFO  ApacheHttpClient.getWebResourceAsStream(420) - responseCode = 200
2018-01-14 15:57:02 INFO  ApacheHttpClient.sendEvent(450) - responseCode = 200
2018-01-14 15:58:02 INFO  ApacheHttpClient.sendEvent(450) - responseCode = 200
2018-01-14 15:58:30 INFO  ApacheHttpClient.getWebResourceAsStream(420) - responseCode = 200
2018-01-14 15:58:30 INFO  ApacheHttpClient.getTask(405) - responseCode = 200
2018-01-14 15:58:31 INFO  ApacheHttpClient.getWebResourceAsStream(420) - responseCode = 200
2018-01-14 15:58:31 INFO  ApacheHttpClient.completed(27) - responseCode = 200
2018-01-14 15:58:32 INFO  ApacheHttpClient.getTask(405) - responseCode = 200
2018-01-14 15:58:41 INFO  ApacheHttpClient.getWebResourceAsStream(420) - responseCode = 200
2018-01-14 15:58:41 INFO  ApacheHttpClient.getFilteredTasks(307) - responseCode = 200
2018-01-14 15:58:48 INFO  ApacheHttpClient.getTaskTemplateInfo(324) - responseCode = 200
2018-01-14 15:58:49 INFO  ApacheHttpClient.testConnection(178) - responseCode = 200
2018-01-14 15:58:49 INFO  ApacheHttpClient.testConnection(185) - result = true
2018-01-14 15:58:49 INFO  ApacheHttpClient.testConnection(178) - responseCode = 200
2018-01-14 15:58:49 INFO  ApacheHttpClient.testConnection(185) - result = true
2018-01-14 15:58:49 INFO  ApacheHttpClient.getWebResourceAsStream(420) - responseCode = 200
2018-01-14 15:59:02 INFO  ApacheHttpClient.sendEvent(450) - responseCode = 200
2018-01-14 15:59:45 INFO  ApacheHttpClient.testConnection(178) - responseCode = 200
2018-01-14 15:59:45 INFO  ApacheHttpClient.testConnection(185) - result = true
2018-01-14 15:59:46 INFO  ApacheHttpClient.testConnection(178) - responseCode = 200
2018-01-14 15:59:46 INFO  ApacheHttpClient.testConnection(185) - result = true
2018-01-14 15:59:46 INFO  ApacheHttpClient.getWebResourceAsStream(420) - responseCode = 200
2018-01-14 16:00:02 INFO  ApacheHttpClient.sendEvent(450) - responseCode = 200
2018-01-14 16:01:02 INFO  ApacheHttpClient.sendEvent(450) - responseCode = 200
2018-01-14 16:02:02 INFO  ApacheHttpClient.sendEvent(450) - responseCode = 200
2018-01-14 16:03:02 INFO  ApacheHttpClient.sendEvent(450) - responseCode = 200
2018-01-14 16:04:02 INFO  ApacheHttpClient.sendEvent(450) - responseCode = 200
2018-01-14 16:04:16 INFO  ApacheHttpClient.getWebResourceAsStream(420) - responseCode = 200
2018-01-14 16:04:16 INFO  ApacheHttpClient.getTask(405) - responseCode = 200
2018-01-14 16:04:16 INFO  ApacheHttpClient.getTask(405) - responseCode = 200
2018-01-14 16:04:17 INFO  ApacheHttpClient.getWebResourceAsStream(420) - responseCode = 200
2018-01-14 16:04:17 INFO  ApacheHttpClient.completed(27) - responseCode = 400
2018-01-14 16:04:17 WARN  TaskCompleted.run(66) - Задача "Меркантильные намерения" уже решена
2018-01-14 16:04:24 INFO  ApacheHttpClient.getWebResourceAsStream(420) - responseCode = 200
2018-01-14 16:04:24 INFO  ApacheHttpClient.getTask(405) - responseCode = 200
2018-01-14 16:04:24 INFO  ApacheHttpClient.getTask(405) - responseCode = 200
2018-01-14 16:04:25 INFO  ApacheHttpClient.getWebResourceAsStream(420) - responseCode = 200
2018-01-14 16:04:25 INFO  ApacheHttpClient.completed(27) - responseCode = 400
2018-01-14 16:04:25 WARN  TaskCompleted.run(66) - Задача "Меркантильные намерения" уже решена
2018-01-14 16:04:34 INFO  ApacheHttpClient.getWebResourceAsStream(420) - responseCode = 200
2018-01-14 16:04:34 INFO  ApacheHttpClient.getTask(405) - responseCode = 200
2018-01-14 16:04:35 INFO  ApacheHttpClient.getWebResourceAsStream(420) - responseCode = 200
2018-01-14 16:04:36 INFO  ApacheHttpClient.completed(27) - responseCode = 200
2018-01-14 16:04:36 INFO  ApacheHttpClient.getTask(405) - responseCode = 200
2018-01-14 16:04:43 INFO  ApacheHttpClient.getWebResourceAsStream(420) - responseCode = 200
2018-01-14 16:04:44 INFO  ApacheHttpClient.getFilteredTasks(307) - responseCode = 200
2018-01-14 16:04:45 INFO  ApacheHttpClient.getTaskTemplateInfo(324) - responseCode = 200
2018-01-14 16:04:45 INFO  ApacheHttpClient.testConnection(178) - responseCode = 200
2018-01-14 16:04:45 INFO  ApacheHttpClient.testConnection(185) - result = true
2018-01-14 16:04:45 INFO  ApacheHttpClient.testConnection(178) - responseCode = 200
2018-01-14 16:04:45 INFO  ApacheHttpClient.testConnection(185) - result = true
2018-01-14 16:04:45 INFO  ApacheHttpClient.getWebResourceAsStream(420) - responseCode = 200
2018-01-14 16:05:02 INFO  ApacheHttpClient.sendEvent(450) - responseCode = 200
2018-01-14 16:06:02 INFO  ApacheHttpClient.sendEvent(450) - responseCode = 200
2018-01-14 16:07:02 INFO  ApacheHttpClient.sendEvent(450) - responseCode = 200
2018-01-14 16:08:02 INFO  ApacheHttpClient.sendEvent(450) - responseCode = 200
2018-01-14 16:09:02 INFO  ApacheHttpClient.sendEvent(450) - responseCode = 200
2018-01-14 16:10:02 INFO  ApacheHttpClient.sendEvent(450) - responseCode = 200
2018-01-14 16:11:02 INFO  ApacheHttpClient.sendEvent(450) - responseCode = 200
2018-01-14 16:12:02 INFO  ApacheHttpClient.sendEvent(450) - responseCode = 200
2018-01-14 16:13:02 INFO  ApacheHttpClient.sendEvent(450) - responseCode = 200
2018-01-14 16:14:02 INFO  ApacheHttpClient.sendEvent(450) - responseCode = 200
2018-01-14 16:15:02 INFO  ApacheHttpClient.sendEvent(450) - responseCode = 200
2018-01-14 16:15:27 INFO  ApacheHttpClient.getWebResourceAsStream(420) - responseCode = 200
2018-01-14 16:15:28 INFO  ApacheHttpClient.getTask(405) - responseCode = 200
2018-01-14 16:15:28 INFO  ApacheHttpClient.getWebResourceAsStream(420) - responseCode = 200
2018-01-14 16:15:29 INFO  ApacheHttpClient.completed(27) - responseCode = 200
2018-01-14 16:16:02 INFO  ApacheHttpClient.sendEvent(450) - responseCode = 200
2018-01-14 16:17:02 INFO  ApacheHttpClient.sendEvent(450) - responseCode = 200
2018-01-14 16:18:02 INFO  ApacheHttpClient.sendEvent(450) - responseCode = 200
2018-01-14 16:19:02 INFO  ApacheHttpClient.sendEvent(450) - responseCode = 200
2018-01-14 16:19:18 INFO  ApacheHttpClient.getWebResourceAsStream(420) - responseCode = 200
2018-01-14 16:19:19 INFO  ApacheHttpClient.getTask(405) - responseCode = 200
2018-01-14 16:19:19 INFO  ApacheHttpClient.getWebResourceAsStream(420) - responseCode = 200
2018-01-14 16:19:20 INFO  ApacheHttpClient.completed(27) - responseCode = 200
2018-01-14 16:19:20 INFO  ApacheHttpClient.getTask(405) - responseCode = 200
2018-01-14 16:19:54 INFO  ApacheHttpClient.getWebResourceAsStream(420) - responseCode = 200
2018-01-14 16:19:54 INFO  ApacheHttpClient.getFilteredTasks(307) - responseCode = 200
2018-01-14 16:27:03 INFO  ApacheHttpClient.sendEvent(450) - responseCode = 200
2018-01-14 16:28:02 INFO  ApacheHttpClient.sendEvent(450) - responseCode = 200
2018-01-14 16:29:02 INFO  ApacheHttpClient.sendEvent(450) - responseCode = 200
2018-01-14 16:30:02 INFO  ApacheHttpClient.sendEvent(450) - responseCode = 200
2018-01-14 16:31:02 INFO  ApacheHttpClient.sendEvent(450) - responseCode = 200
2018-01-14 16:32:02 INFO  ApacheHttpClient.sendEvent(450) - responseCode = 200
2018-01-14 16:33:02 INFO  ApacheHttpClient.sendEvent(450) - responseCode = 200
2018-01-14 16:34:02 INFO  ApacheHttpClient.sendEvent(450) - responseCode = 200
2018-01-14 16:35:02 INFO  ApacheHttpClient.sendEvent(450) - responseCode = 200
2018-01-14 16:36:02 INFO  ApacheHttpClient.sendEvent(450) - responseCode = 200
2018-01-14 16:37:02 INFO  ApacheHttpClient.sendEvent(450) - responseCode = 200
2018-01-14 16:38:02 INFO  ApacheHttpClient.sendEvent(450) - responseCode = 200
2018-01-14 16:39:02 INFO  ApacheHttpClient.sendEvent(450) - responseCode = 200
2018-01-14 16:40:02 INFO  ApacheHttpClient.sendEvent(450) - responseCode = 200
2018-01-14 16:41:02 INFO  ApacheHttpClient.sendEvent(450) - responseCode = 200
2018-01-14 16:42:02 INFO  ApacheHttpClient.sendEvent(450) - responseCode = 200
2018-01-14 16:43:02 INFO  ApacheHttpClient.sendEvent(450) - responseCode = 200
2018-01-14 16:44:02 INFO  ApacheHttpClient.sendEvent(450) - responseCode = 200
2018-01-14 16:45:02 INFO  ApacheHttpClient.sendEvent(450) - responseCode = 200
2018-01-14 16:46:02 INFO  ApacheHttpClient.sendEvent(450) - responseCode = 200
2018-01-14 16:47:02 INFO  ApacheHttpClient.sendEvent(450) - responseCode = 200
2018-01-14 16:48:02 INFO  ApacheHttpClient.sendEvent(450) - responseCode = 200
2018-01-14 16:49:02 INFO  ApacheHttpClient.sendEvent(450) - responseCode = 200
2018-01-14 16:50:02 INFO  ApacheHttpClient.sendEvent(450) - responseCode = 200
2018-01-14 16:51:02 INFO  ApacheHttpClient.sendEvent(450) - responseCode = 200
2018-01-14 16:52:02 INFO  ApacheHttpClient.sendEvent(450) - responseCode = 200
2018-01-14 16:53:02 INFO  ApacheHttpClient.sendEvent(450) - responseCode = 200
2018-01-14 16:54:02 INFO  ApacheHttpClient.sendEvent(450) - responseCode = 200
2018-01-14 16:55:02 INFO  ApacheHttpClient.sendEvent(450) - responseCode = 200
2018-01-14 16:56:02 INFO  ApacheHttpClient.sendEvent(450) - responseCode = 200
2018-01-14 16:57:02 INFO  ApacheHttpClient.sendEvent(450) - responseCode = 200
2018-01-14 16:58:02 INFO  ApacheHttpClient.sendEvent(450) - responseCode = 200
2018-01-14 16:59:02 INFO  ApacheHttpClient.sendEvent(450) - responseCode = 200
2018-01-14 17:00:02 INFO  ApacheHttpClient.sendEvent(450) - responseCode = 200
2018-01-14 17:01:02 INFO  ApacheHttpClient.sendEvent(450) - responseCode = 200
2018-01-14 17:02:02 INFO  ApacheHttpClient.sendEvent(450) - responseCode = 200
2018-01-14 17:03:02 INFO  ApacheHttpClient.sendEvent(450) - responseCode = 200
2018-01-14 17:04:02 INFO  ApacheHttpClient.sendEvent(450) - responseCode = 200
2018-01-14 17:05:02 INFO  ApacheHttpClient.sendEvent(450) - responseCode = 200
2018-01-14 17:06:02 INFO  ApacheHttpClient.sendEvent(450) - responseCode = 200
2018-01-14 17:07:02 INFO  ApacheHttpClient.sendEvent(450) - responseCode = 200
2018-01-14 17:08:02 INFO  ApacheHttpClient.sendEvent(450) - responseCode = 200
2018-01-14 17:09:02 INFO  ApacheHttpClient.sendEvent(450) - responseCode = 200
2018-01-14 17:10:02 INFO  ApacheHttpClient.sendEvent(450) - responseCode = 200
2018-01-14 17:11:02 INFO  ApacheHttpClient.sendEvent(450) - responseCode = 200
2018-01-14 17:12:02 INFO  ApacheHttpClient.sendEvent(450) - responseCode = 200
2018-01-14 17:13:02 INFO  ApacheHttpClient.sendEvent(450) - responseCode = 200
2018-01-14 17:14:02 INFO  ApacheHttpClient.sendEvent(450) - responseCode = 200
2018-01-14 17:15:02 INFO  ApacheHttpClient.sendEvent(450) - responseCode = 200
2018-01-14 17:16:02 INFO  ApacheHttpClient.sendEvent(450) - responseCode = 200
2018-01-14 17:17:02 INFO  ApacheHttpClient.sendEvent(450) - responseCode = 200
2018-01-14 17:18:02 INFO  ApacheHttpClient.sendEvent(450) - responseCode = 200
2018-01-14 17:19:02 INFO  ApacheHttpClient.sendEvent(450) - responseCode = 200
2018-01-14 17:20:02 INFO  ApacheHttpClient.sendEvent(450) - responseCode = 200
2018-01-14 17:21:02 INFO  ApacheHttpClient.sendEvent(450) - responseCode = 200
2018-01-14 17:22:02 INFO  ApacheHttpClient.sendEvent(450) - responseCode = 200
2018-01-14 17:23:02 INFO  ApacheHttpClient.sendEvent(450) - responseCode = 200
2018-01-14 17:24:02 INFO  ApacheHttpClient.sendEvent(450) - responseCode = 200
2018-01-14 17:25:02 INFO  ApacheHttpClient.sendEvent(450) - responseCode = 200
2018-01-14 17:26:02 INFO  ApacheHttpClient.sendEvent(450) - responseCode = 200
2018-01-14 17:27:02 INFO  ApacheHttpClient.sendEvent(450) - responseCode = 200
2018-01-14 17:28:02 INFO  ApacheHttpClient.sendEvent(450) - responseCode = 200
2018-01-14 17:29:02 INFO  ApacheHttpClient.sendEvent(450) - responseCode = 200
2018-01-14 17:30:02 INFO  ApacheHttpClient.sendEvent(450) - responseCode = 200
2018-01-14 17:31:02 INFO  ApacheHttpClient.sendEvent(450) - responseCode = 200
2018-01-14 17:32:02 INFO  ApacheHttpClient.sendEvent(450) - responseCode = 200
2018-01-14 17:33:02 INFO  ApacheHttpClient.sendEvent(450) - responseCode = 200
2018-01-14 17:34:02 INFO  ApacheHttpClient.sendEvent(450) - responseCode = 200
2018-01-14 17:35:02 INFO  ApacheHttpClient.sendEvent(450) - responseCode = 200
2018-01-14 17:36:02 INFO  ApacheHttpClient.sendEvent(450) - responseCode = 200
2018-01-14 17:37:02 INFO  ApacheHttpClient.sendEvent(450) - responseCode = 200
2018-01-14 17:38:02 INFO  ApacheHttpClient.sendEvent(450) - responseCode = 200
2018-01-14 17:39:03 INFO  ApacheHttpClient.sendEvent(450) - responseCode = 200
2018-01-14 17:40:02 INFO  ApacheHttpClient.sendEvent(450) - responseCode = 200
2018-01-14 17:41:03 INFO  ApacheHttpClient.sendEvent(450) - responseCode = 200
2018-01-14 17:42:02 INFO  ApacheHttpClient.sendEvent(450) - responseCode = 200
2018-01-14 17:43:02 INFO  ApacheHttpClient.sendEvent(450) - responseCode = 200
2018-01-14 17:44:02 INFO  ApacheHttpClient.sendEvent(450) - responseCode = 200
2018-01-14 17:45:02 INFO  ApacheHttpClient.sendEvent(450) - responseCode = 200
2018-01-14 17:46:02 INFO  ApacheHttpClient.sendEvent(450) - responseCode = 200
2018-01-14 17:47:02 INFO  ApacheHttpClient.sendEvent(450) - responseCode = 200
2018-01-14 17:48:02 INFO  ApacheHttpClient.sendEvent(450) - responseCode = 200
2018-01-14 17:49:02 INFO  ApacheHttpClient.sendEvent(450) - responseCode = 200
2018-01-14 17:50:02 INFO  ApacheHttpClient.sendEvent(450) - responseCode = 200
2018-01-14 17:51:02 INFO  ApacheHttpClient.sendEvent(450) - responseCode = 200
2018-01-14 17:52:02 INFO  ApacheHttpClient.sendEvent(450) - responseCode = 200
2018-01-14 17:53:02 INFO  ApacheHttpClient.sendEvent(450) - responseCode = 200
2018-01-14 17:54:02 INFO  ApacheHttpClient.sendEvent(450) - responseCode = 200
2018-01-14 17:55:02 INFO  ApacheHttpClient.sendEvent(450) - responseCode = 200
2018-01-14 17:56:02 INFO  ApacheHttpClient.sendEvent(450) - responseCode = 200
2018-01-14 17:57:02 INFO  ApacheHttpClient.sendEvent(450) - responseCode = 200
2018-01-14 17:58:21 ERROR ApacheHttpClient.processExceptionSendEvent(103) - (super) Ошибка во время отправки ивента на сервер.
2018-01-14 17:59:03 INFO  ApacheHttpClient.sendEvent(450) - responseCode = 200
2018-01-14 18:00:02 INFO  ApacheHttpClient.sendEvent(450) - responseCode = 200
2018-01-14 18:01:02 INFO  ApacheHttpClient.sendEvent(450) - responseCode = 200
2018-01-14 18:02:02 INFO  ApacheHttpClient.sendEvent(450) - responseCode = 200
2018-01-14 18:03:02 INFO  ApacheHttpClient.sendEvent(450) - responseCode = 200
2018-01-14 18:04:02 INFO  ApacheHttpClient.sendEvent(450) - responseCode = 200
2018-01-14 18:04:36 INFO  ApacheHttpClient.testConnection(178) - responseCode = 200
2018-01-14 18:04:36 INFO  ApacheHttpClient.testConnection(185) - result = true
2018-01-14 18:04:36 INFO  ApacheHttpClient.testConnection(178) - responseCode = 200
2018-01-14 18:04:36 INFO  ApacheHttpClient.testConnection(185) - result = true
2018-01-14 18:04:36 INFO  ApacheHttpClient.getWebResourceAsStream(420) - responseCode = 200
2018-01-14 18:05:02 INFO  ApacheHttpClient.sendEvent(450) - responseCode = 200
2018-01-14 18:05:03 INFO  ApacheHttpClient.sendEvent(450) - responseCode = 200
2018-01-14 18:06:02 INFO  ApacheHttpClient.sendEvent(450) - responseCode = 200
2018-01-14 18:06:03 INFO  ApacheHttpClient.sendEvent(450) - responseCode = 200
2018-01-14 18:07:02 INFO  ApacheHttpClient.sendEvent(450) - responseCode = 200
2018-01-14 18:07:03 INFO  ApacheHttpClient.sendEvent(450) - responseCode = 200
2018-01-14 18:08:02 INFO  ApacheHttpClient.sendEvent(450) - responseCode = 200
2018-01-14 18:08:03 INFO  ApacheHttpClient.sendEvent(450) - responseCode = 200
2018-01-14 18:09:02 INFO  ApacheHttpClient.sendEvent(450) - responseCode = 200
2018-01-14 18:09:03 INFO  ApacheHttpClient.sendEvent(450) - responseCode = 200
2018-01-14 18:10:02 INFO  ApacheHttpClient.sendEvent(450) - responseCode = 200
2018-01-14 18:10:03 INFO  ApacheHttpClient.sendEvent(450) - responseCode = 200
2018-01-14 18:11:02 INFO  ApacheHttpClient.sendEvent(450) - responseCode = 200
2018-01-14 18:11:03 INFO  ApacheHttpClient.sendEvent(450) - responseCode = 200
2018-01-14 18:12:02 INFO  ApacheHttpClient.sendEvent(450) - responseCode = 200
2018-01-14 18:12:03 INFO  ApacheHttpClient.sendEvent(450) - responseCode = 200
2018-01-14 18:13:02 INFO  ApacheHttpClient.sendEvent(450) - responseCode = 200
2018-01-14 18:13:03 INFO  ApacheHttpClient.sendEvent(450) - responseCode = 200
2018-01-14 18:14:02 INFO  ApacheHttpClient.sendEvent(450) - responseCode = 200
2018-01-14 18:14:03 INFO  ApacheHttpClient.sendEvent(450) - responseCode = 200
2018-01-14 18:18:09 INFO  ApacheHttpClient.testConnection(178) - responseCode = 200
2018-01-14 18:18:09 INFO  ApacheHttpClient.testConnection(185) - result = true
2018-01-14 18:18:09 INFO  ApacheHttpClient.testConnection(178) - responseCode = 200
2018-01-14 18:18:09 INFO  ApacheHttpClient.testConnection(185) - result = true
2018-01-14 18:18:09 INFO  ApacheHttpClient.getWebResourceAsStream(420) - responseCode = 200
2018-01-14 18:29:42 INFO  JavaRushTasksProjectComponent.projectClosing(157) - ---------- Project JavaRushTasks closed ----------

2018-01-14 18:29:43 INFO  ApacheHttpClient.getTask(405) - responseCode = 200
2018-01-14 18:29:43 INFO  ApacheHttpClient.getTask(405) - responseCode = 200
2018-01-14 18:29:43 INFO  ApacheHttpClient.getTask(405) - responseCode = 200
2018-01-14 18:29:43 INFO  ApacheHttpClient.getTask(405) - responseCode = 200
2018-01-14 18:29:43 INFO  ApacheHttpClient.getTask(405) - responseCode = 200
2018-01-14 18:29:43 INFO  ApacheHttpClient.getTask(405) - responseCode = 200
2018-01-14 18:29:43 INFO  ApacheHttpClient.getTask(405) - responseCode = 200
2018-01-14 18:29:43 INFO  ApacheHttpClient.getTask(405) - responseCode = 200
2018-01-14 18:29:43 INFO  ApacheHttpClient.getTask(405) - responseCode = 200
2018-01-14 18:29:43 INFO  ApacheHttpClient.getTask(405) - responseCode = 200
2018-01-14 18:29:43 INFO  ApacheHttpClient.getTask(405) - responseCode = 200
2018-01-14 18:29:43 INFO  ApacheHttpClient.getTask(405) - responseCode = 200
2018-01-14 18:29:43 INFO  ApacheHttpClient.getTask(405) - responseCode = 200
2018-01-14 18:29:43 INFO  ApacheHttpClient.getTask(405) - responseCode = 200
2018-01-14 18:29:44 INFO  ApacheHttpClient.getTask(405) - responseCode = 200
2018-01-14 18:29:44 INFO  ApacheHttpClient.getTask(405) - responseCode = 200
2018-01-14 18:29:44 INFO  ApacheHttpClient.getTask(405) - responseCode = 200
2018-01-14 18:29:44 INFO  ApacheHttpClient.getTask(405) - responseCode = 200
2018-01-14 18:29:44 INFO  ApacheHttpClient.getTask(405) - responseCode = 200
2018-01-14 18:29:44 INFO  ApacheHttpClient.getTask(405) - responseCode = 200
2018-01-14 18:29:44 INFO  ApacheHttpClient.getTask(405) - responseCode = 200
2018-01-14 18:29:44 INFO  ApacheHttpClient.getTask(405) - responseCode = 200
2018-01-14 18:30:01 INFO  JavaRushTasksProjectComponent.projectOpened(68) - ---------- Project JavaRushTasks opened ----------

2018-01-14 18:30:01 INFO  ApacheHttpClient.createAsyncHttpClient(125) - Выбрано 1 прокси.
2018-01-14 18:30:01 INFO  ApacheHttpClient.<init>(85) - ApacheHttpClient проинстанциирован успешно.
2018-01-14 18:30:01 INFO  ApacheHttpClient.testConnection(178) - responseCode = 200
2018-01-14 18:30:01 INFO  ApacheHttpClient.testConnection(185) - result = true
2018-01-14 18:30:02 INFO  ApacheHttpClient.login(209) - Ожидание ответа сервера.
2018-01-14 18:30:02 INFO  ApacheHttpClient.login(213) - responseCode200
2018-01-14 18:30:02 INFO  ApacheHttpClient.login(244) - JSESSIONID=C1FBD5A18C9E34469700DEB8F17BEB4E
2018-01-14 18:30:02 INFO  ApacheHttpClient.refreshUserInfo(272) - responseCode = 200
2018-01-14 18:30:02 INFO  ApacheHttpClient.refreshUserInfo(278) - Информация о пользователе получена.
2018-01-14 18:30:02 INFO  ApacheHttpClient.startGA(32) - GAService запущен.
2018-01-14 18:30:02 INFO  AbstractRestApiClient.startService(70) - EventsService запущен.
2018-01-14 18:32:33 INFO  JavaRushTasksProjectComponent.projectClosing(157) - ---------- Project JavaRushTasks closed ----------

2018-01-14 18:33:27 INFO  JavaRushTasksProjectComponent.projectOpened(68) - ---------- Project JavaRushTasks opened ----------

2018-01-14 18:33:27 INFO  ApacheHttpClient.createAsyncHttpClient(125) - Выбрано 1 прокси.
2018-01-14 18:33:27 INFO  ApacheHttpClient.<init>(85) - ApacheHttpClient проинстанциирован успешно.
2018-01-14 18:33:27 INFO  ApacheHttpClient.testConnection(178) - responseCode = 200
2018-01-14 18:33:27 INFO  ApacheHttpClient.testConnection(185) - result = true
2018-01-14 18:33:28 INFO  ApacheHttpClient.login(209) - Ожидание ответа сервера.
2018-01-14 18:33:28 INFO  ApacheHttpClient.login(213) - responseCode200
2018-01-14 18:33:28 INFO  ApacheHttpClient.login(244) - JSESSIONID=DD5E0B544E162EC154FDF4977D547E4F
2018-01-14 18:33:28 INFO  ApacheHttpClient.refreshUserInfo(272) - responseCode = 200
2018-01-14 18:33:28 INFO  ApacheHttpClient.refreshUserInfo(278) - Информация о пользователе получена.
2018-01-14 18:33:28 INFO  ApacheHttpClient.startGA(32) - GAService запущен.
2018-01-14 18:33:28 INFO  AbstractRestApiClient.startService(70) - EventsService запущен.
2018-01-14 18:38:20 INFO  JavaRushTasksProjectComponent.projectClosing(157) - ---------- Project JavaRushTasks closed ----------

2018-01-14 18:40:52 INFO  JavaRushTasksProjectComponent.projectOpened(68) - ---------- Project JavaRushTasks opened ----------

2018-01-14 18:40:52 INFO  ApacheHttpClient.createAsyncHttpClient(125) - Выбрано 1 прокси.
2018-01-14 18:40:53 INFO  ApacheHttpClient.<init>(85) - ApacheHttpClient проинстанциирован успешно.
2018-01-14 18:40:53 INFO  ApacheHttpClient.testConnection(178) - responseCode = 200
2018-01-14 18:40:53 INFO  ApacheHttpClient.testConnection(185) - result = true
2018-01-14 18:40:53 INFO  ApacheHttpClient.login(209) - Ожидание ответа сервера.
2018-01-14 18:40:53 INFO  ApacheHttpClient.login(213) - responseCode200
2018-01-14 18:40:53 INFO  ApacheHttpClient.login(244) - JSESSIONID=E78DB496620E8CE2485C87DCF60E89A2
2018-01-14 18:40:53 INFO  ApacheHttpClient.refreshUserInfo(272) - responseCode = 200
2018-01-14 18:40:53 INFO  ApacheHttpClient.refreshUserInfo(278) - Информация о пользователе получена.
2018-01-14 18:40:54 INFO  ApacheHttpClient.startGA(32) - GAService запущен.
2018-01-14 18:40:54 INFO  AbstractRestApiClient.startService(70) - EventsService запущен.
2018-01-14 18:51:54 INFO  JavaRushTasksProjectComponent.projectClosing(157) - ---------- Project JavaRushTasks closed ----------

2018-01-14 18:52:12 INFO  JavaRushTasksProjectComponent.projectOpened(68) - ---------- Project JavaRushTasks opened ----------

2018-01-14 18:52:12 INFO  ApacheHttpClient.createAsyncHttpClient(125) - Выбрано 1 прокси.
2018-01-14 18:52:13 INFO  ApacheHttpClient.<init>(85) - ApacheHttpClient проинстанциирован успешно.
2018-01-14 18:52:13 INFO  ApacheHttpClient.testConnection(178) - responseCode = 200
2018-01-14 18:52:13 INFO  ApacheHttpClient.testConnection(185) - result = true
2018-01-14 18:52:13 INFO  ApacheHttpClient.login(209) - Ожидание ответа сервера.
2018-01-14 18:52:13 INFO  ApacheHttpClient.login(213) - responseCode200
2018-01-14 18:52:13 INFO  ApacheHttpClient.login(244) - JSESSIONID=3E4E1D49F1A2332F5718EB6794F0C557
2018-01-14 18:52:13 INFO  ApacheHttpClient.refreshUserInfo(272) - responseCode = 200
2018-01-14 18:52:14 INFO  ApacheHttpClient.refreshUserInfo(278) - Информация о пользователе получена.
2018-01-14 18:52:14 INFO  ApacheHttpClient.startGA(32) - GAService запущен.
2018-01-14 18:52:14 INFO  AbstractRestApiClient.startService(70) - EventsService запущен.
2018-01-14 19:06:14 INFO  ApacheHttpClient.sendEvent(450) - responseCode = 200
2018-01-14 19:06:14 INFO  ApacheHttpClient.sendEvent(450) - responseCode = 200
